{"/home/travis/build/npmtest/node-npmtest-json-schema-faker/test.js":{"path":"/home/travis/build/npmtest/node-npmtest-json-schema-faker/test.js","s":{"1":2,"2":2,"3":2,"4":2,"5":2,"6":2,"7":2,"8":1,"9":2,"10":2,"11":1,"12":1,"13":1,"14":1,"15":2,"16":2,"17":2,"18":2,"19":1,"20":1,"21":2,"22":2,"23":2,"24":1,"25":1,"26":1,"27":1,"28":1,"29":1,"30":1,"31":1,"32":1,"33":1,"34":1,"35":1,"36":1,"37":1,"38":1,"39":2,"40":2,"41":1,"42":2,"43":2,"44":1,"45":2,"46":2,"47":1,"48":2,"49":2,"50":1,"51":1,"52":1,"53":1,"54":1},"b":{"1":[2,1,1,1],"2":[1,1,1,1],"3":[1,1],"4":[1,1],"5":[1,1],"6":[1,1],"7":[1,1],"8":[1,1],"9":[1,1],"10":[1,1,1],"11":[1,1],"12":[1,1],"13":[1,1],"14":[1,1],"15":[1,1],"16":[1,1],"17":[1,1]},"f":{"1":2,"2":2,"3":2,"4":2,"5":2,"6":1,"7":1,"8":1,"9":2,"10":2,"11":2,"12":2,"13":1},"fnMap":{"1":{"name":"(anonymous_1)","line":12,"loc":{"start":{"line":12,"column":1},"end":{"line":12,"column":13}}},"2":{"name":"(anonymous_2)","line":19,"loc":{"start":{"line":19,"column":5},"end":{"line":19,"column":17}}},"3":{"name":"(anonymous_3)","line":23,"loc":{"start":{"line":23,"column":24},"end":{"line":23,"column":36}}},"4":{"name":"(anonymous_4)","line":61,"loc":{"start":{"line":61,"column":5},"end":{"line":61,"column":17}}},"5":{"name":"(anonymous_5)","line":82,"loc":{"start":{"line":82,"column":5},"end":{"line":82,"column":17}}},"6":{"name":"(anonymous_6)","line":91,"loc":{"start":{"line":91,"column":77},"end":{"line":94,"column":10}}},"7":{"name":"(anonymous_7)","line":112,"loc":{"start":{"line":112,"column":83},"end":{"line":115,"column":10}},"skip":true},"8":{"name":"(anonymous_8)","line":123,"loc":{"start":{"line":123,"column":77},"end":{"line":126,"column":10}},"skip":true},"9":{"name":"(anonymous_9)","line":139,"loc":{"start":{"line":139,"column":12},"end":{"line":139,"column":40}},"skip":true},"10":{"name":"(anonymous_10)","line":147,"loc":{"start":{"line":147,"column":77},"end":{"line":150,"column":10}},"skip":true},"11":{"name":"(anonymous_11)","line":158,"loc":{"start":{"line":158,"column":83},"end":{"line":161,"column":10}},"skip":true},"12":{"name":"(anonymous_12)","line":169,"loc":{"start":{"line":169,"column":79},"end":{"line":172,"column":10}},"skip":true},"13":{"name":"(anonymous_13)","line":180,"loc":{"start":{"line":180,"column":75},"end":{"line":183,"column":10}},"skip":true}},"statementMap":{"1":{"start":{"line":12,"column":0},"end":{"line":195,"column":5}},"2":{"start":{"line":14,"column":4},"end":{"line":14,"column":14}},"3":{"start":{"line":19,"column":4},"end":{"line":56,"column":9}},"4":{"start":{"line":21,"column":8},"end":{"line":21,"column":19}},"5":{"start":{"line":23,"column":8},"end":{"line":35,"column":13}},"6":{"start":{"line":24,"column":12},"end":{"line":34,"column":13}},"7":{"start":{"line":25,"column":16},"end":{"line":28,"column":30}},"8":{"start":{"line":30,"column":16},"end":{"line":33,"column":27}},"9":{"start":{"line":37,"column":8},"end":{"line":39,"column":21}},"10":{"start":{"line":40,"column":8},"end":{"line":53,"column":9}},"11":{"start":{"line":43,"column":12},"end":{"line":46,"column":14}},"12":{"start":{"line":47,"column":12},"end":{"line":47,"column":18}},"13":{"start":{"line":50,"column":12},"end":{"line":51,"column":33}},"14":{"start":{"line":52,"column":12},"end":{"line":52,"column":18}},"15":{"start":{"line":55,"column":8},"end":{"line":55,"column":35}},"16":{"start":{"line":61,"column":4},"end":{"line":63,"column":9}},"17":{"start":{"line":62,"column":8},"end":{"line":62,"column":15}},"18":{"start":{"line":64,"column":4},"end":{"line":77,"column":5}},"19":{"start":{"line":70,"column":8},"end":{"line":70,"column":14}},"20":{"start":{"line":76,"column":8},"end":{"line":76,"column":14}},"21":{"start":{"line":82,"column":4},"end":{"line":84,"column":9}},"22":{"start":{"line":83,"column":8},"end":{"line":83,"column":15}},"23":{"start":{"line":85,"column":4},"end":{"line":194,"column":5}},"24":{"start":{"line":91,"column":8},"end":{"line":99,"column":10}},"25":{"start":{"line":98,"column":12},"end":{"line":98,"column":35}},"26":{"start":{"line":102,"column":8},"end":{"line":104,"column":63}},"27":{"start":{"line":105,"column":8},"end":{"line":105,"column":14}},"28":{"start":{"line":112,"column":8},"end":{"line":121,"column":10},"skip":true},"29":{"start":{"line":119,"column":12},"end":{"line":119,"column":55},"skip":true},"30":{"start":{"line":120,"column":12},"end":{"line":120,"column":48},"skip":true},"31":{"start":{"line":123,"column":8},"end":{"line":136,"column":10},"skip":true},"32":{"start":{"line":130,"column":12},"end":{"line":130,"column":76},"skip":true},"33":{"start":{"line":131,"column":12},"end":{"line":131,"column":73},"skip":true},"34":{"start":{"line":132,"column":12},"end":{"line":132,"column":74},"skip":true},"35":{"start":{"line":133,"column":12},"end":{"line":133,"column":79},"skip":true},"36":{"start":{"line":134,"column":12},"end":{"line":134,"column":25},"skip":true},"37":{"start":{"line":135,"column":12},"end":{"line":135,"column":45},"skip":true},"38":{"start":{"line":138,"column":8},"end":{"line":145,"column":14},"skip":true},"39":{"start":{"line":143,"column":16},"end":{"line":143,"column":29},"skip":true},"40":{"start":{"line":144,"column":16},"end":{"line":144,"column":55},"skip":true},"41":{"start":{"line":147,"column":8},"end":{"line":156,"column":10},"skip":true},"42":{"start":{"line":154,"column":12},"end":{"line":154,"column":25},"skip":true},"43":{"start":{"line":155,"column":12},"end":{"line":155,"column":45},"skip":true},"44":{"start":{"line":158,"column":8},"end":{"line":167,"column":10},"skip":true},"45":{"start":{"line":165,"column":12},"end":{"line":165,"column":25},"skip":true},"46":{"start":{"line":166,"column":12},"end":{"line":166,"column":48},"skip":true},"47":{"start":{"line":169,"column":8},"end":{"line":178,"column":10},"skip":true},"48":{"start":{"line":176,"column":12},"end":{"line":176,"column":25},"skip":true},"49":{"start":{"line":177,"column":12},"end":{"line":177,"column":46},"skip":true},"50":{"start":{"line":180,"column":8},"end":{"line":189,"column":10},"skip":true},"51":{"start":{"line":187,"column":12},"end":{"line":187,"column":94},"skip":true},"52":{"start":{"line":188,"column":12},"end":{"line":188,"column":48},"skip":true},"53":{"start":{"line":192,"column":8},"end":{"line":192,"column":35},"skip":true},"54":{"start":{"line":193,"column":8},"end":{"line":193,"column":14},"skip":true}},"branchMap":{"1":{"line":25,"type":"binary-expr","locations":[{"start":{"line":25,"column":23},"end":{"line":25,"column":62}},{"start":{"line":26,"column":20},"end":{"line":26,"column":70}},{"start":{"line":27,"column":20},"end":{"line":27,"column":71}},{"start":{"line":28,"column":20},"end":{"line":28,"column":29}}]},"2":{"line":30,"type":"binary-expr","locations":[{"start":{"line":30,"column":23},"end":{"line":30,"column":37}},{"start":{"line":31,"column":20},"end":{"line":31,"column":61}},{"start":{"line":32,"column":20},"end":{"line":32,"column":70}},{"start":{"line":33,"column":20},"end":{"line":33,"column":26}}]},"3":{"line":37,"type":"cond-expr","locations":[{"start":{"line":38,"column":14},"end":{"line":38,"column":20}},{"start":{"line":39,"column":14},"end":{"line":39,"column":20}}]},"4":{"line":40,"type":"switch","locations":[{"start":{"line":42,"column":8},"end":{"line":47,"column":18}},{"start":{"line":49,"column":8},"end":{"line":52,"column":18}}]},"5":{"line":44,"type":"binary-expr","locations":[{"start":{"line":44,"column":16},"end":{"line":44,"column":44}},{"start":{"line":44,"column":48},"end":{"line":44,"column":66}}]},"6":{"line":50,"type":"binary-expr","locations":[{"start":{"line":50,"column":21},"end":{"line":50,"column":49}},{"start":{"line":50,"column":53},"end":{"line":50,"column":72}}]},"7":{"line":64,"type":"switch","locations":[{"start":{"line":69,"column":4},"end":{"line":70,"column":14}},{"start":{"line":75,"column":4},"end":{"line":76,"column":14}}]},"8":{"line":85,"type":"switch","locations":[{"start":{"line":90,"column":4},"end":{"line":105,"column":14}},{"start":{"line":111,"column":4},"end":{"line":193,"column":14},"skip":true}]},"9":{"line":91,"type":"binary-expr","locations":[{"start":{"line":91,"column":42},"end":{"line":91,"column":73}},{"start":{"line":91,"column":77},"end":{"line":99,"column":9}}]},"10":{"line":102,"type":"binary-expr","locations":[{"start":{"line":102,"column":18},"end":{"line":102,"column":32}},{"start":{"line":103,"column":12},"end":{"line":103,"column":53}},{"start":{"line":104,"column":12},"end":{"line":104,"column":61}}]},"11":{"line":112,"type":"binary-expr","locations":[{"start":{"line":112,"column":45},"end":{"line":112,"column":79},"skip":true},{"start":{"line":112,"column":83},"end":{"line":121,"column":9},"skip":true}]},"12":{"line":123,"type":"binary-expr","locations":[{"start":{"line":123,"column":42},"end":{"line":123,"column":73},"skip":true},{"start":{"line":123,"column":77},"end":{"line":136,"column":9},"skip":true}]},"13":{"line":138,"type":"binary-expr","locations":[{"start":{"line":138,"column":48},"end":{"line":138,"column":85},"skip":true},{"start":{"line":139,"column":12},"end":{"line":145,"column":13},"skip":true}]},"14":{"line":147,"type":"binary-expr","locations":[{"start":{"line":147,"column":42},"end":{"line":147,"column":73},"skip":true},{"start":{"line":147,"column":77},"end":{"line":156,"column":9},"skip":true}]},"15":{"line":158,"type":"binary-expr","locations":[{"start":{"line":158,"column":45},"end":{"line":158,"column":79},"skip":true},{"start":{"line":158,"column":83},"end":{"line":167,"column":9},"skip":true}]},"16":{"line":169,"type":"binary-expr","locations":[{"start":{"line":169,"column":43},"end":{"line":169,"column":75},"skip":true},{"start":{"line":169,"column":79},"end":{"line":178,"column":9},"skip":true}]},"17":{"line":180,"type":"binary-expr","locations":[{"start":{"line":180,"column":41},"end":{"line":180,"column":71},"skip":true},{"start":{"line":180,"column":75},"end":{"line":189,"column":9},"skip":true}]}},"code":["/* istanbul instrument in package npmtest_json_schema_faker */","/*jslint","    bitwise: true,","    browser: true,","    maxerr: 8,","    maxlen: 96,","    node: true,","    nomen: true,","    regexp: true,","    stupid: true","*/","(function () {","    'use strict';","    var local;","","","","    // run shared js-env code - pre-init","    (function () {","        // init local","        local = {};","        // init modeJs","        local.modeJs = (function () {","            try {","                return typeof navigator.userAgent === 'string' &&","                    typeof document.querySelector('body') === 'object' &&","                    typeof XMLHttpRequest.prototype.open === 'function' &&","                    'browser';","            } catch (errorCaughtBrowser) {","                return module.exports &&","                    typeof process.versions.node === 'string' &&","                    typeof require('http').createServer === 'function' &&","                    'node';","            }","        }());","        // init global","        local.global = local.modeJs === 'browser'","            ? window","            : global;","        switch (local.modeJs) {","        // re-init local from window.local","        case 'browser':","            local = local.global.utility2.objectSetDefault(","                local.global.utility2_rollup || local.global.local,","                local.global.utility2","            );","            break;","        // re-init local from example.js","        case 'node':","            local = (local.global.utility2_rollup || require('utility2'))","                .requireReadme();","            break;","        }","        // export local","        local.global.local = local;","    }());","","","","    // run shared js-env code - function","    (function () {","        return;","    }());","    switch (local.modeJs) {","","","","    // run browser js-env code - function","    case 'browser':","        break;","","","","    // run node js-env code - function","    case 'node':","        break;","    }","","","","    // run shared js-env code - post-init","    (function () {","        return;","    }());","    switch (local.modeJs) {","","","","    // run browser js-env code - post-init","    case 'browser':","        local.testCase_browser_nullCase = local.testCase_browser_nullCase || function (","            options,","            onError","        ) {","        /*","         * this function will test browsers's null-case handling-behavior-behavior","         */","            onError(null, options);","        };","","        // run tests","        local.nop(local.modeTest &&","            document.querySelector('#testRunButton1') &&","            document.querySelector('#testRunButton1').click());","        break;","","","","    // run node js-env code - post-init","    /* istanbul ignore next */","    case 'node':","        local.testCase_buildApidoc_default = local.testCase_buildApidoc_default || function (","            options,","            onError","        ) {","        /*","         * this function will test buildApidoc's default handling-behavior-behavior","         */","            options = { modulePathList: module.paths };","            local.buildApidoc(options, onError);","        };","","        local.testCase_buildApp_default = local.testCase_buildApp_default || function (","            options,","            onError","        ) {","        /*","         * this function will test buildApp's default handling-behavior-behavior","         */","            local.testCase_buildReadme_default(options, local.onErrorThrow);","            local.testCase_buildLib_default(options, local.onErrorThrow);","            local.testCase_buildTest_default(options, local.onErrorThrow);","            local.testCase_buildCustomOrg_default(options, local.onErrorThrow);","            options = [];","            local.buildApp(options, onError);","        };","","        local.testCase_buildCustomOrg_default = local.testCase_buildCustomOrg_default ||","            function (options, onError) {","            /*","             * this function will test buildCustomOrg's default handling-behavior","             */","                options = {};","                local.buildCustomOrg(options, onError);","            };","","        local.testCase_buildLib_default = local.testCase_buildLib_default || function (","            options,","            onError","        ) {","        /*","         * this function will test buildLib's default handling-behavior","         */","            options = {};","            local.buildLib(options, onError);","        };","","        local.testCase_buildReadme_default = local.testCase_buildReadme_default || function (","            options,","            onError","        ) {","        /*","         * this function will test buildReadme's default handling-behavior-behavior","         */","            options = {};","            local.buildReadme(options, onError);","        };","","        local.testCase_buildTest_default = local.testCase_buildTest_default || function (","            options,","            onError","        ) {","        /*","         * this function will test buildTest's default handling-behavior","         */","            options = {};","            local.buildTest(options, onError);","        };","","        local.testCase_webpage_default = local.testCase_webpage_default || function (","            options,","            onError","        ) {","        /*","         * this function will test webpage's default handling-behavior","         */","            options = { modeCoverageMerge: true, url: local.serverLocalHost + '?modeTest=1' };","            local.browserTest(options, onError);","        };","","        // run test-server","        local.testRunServer(local);","        break;","    }","}());",""],"l":{"12":2,"14":2,"19":2,"21":2,"23":2,"24":2,"25":2,"30":1,"37":2,"40":2,"43":1,"47":1,"50":1,"52":1,"55":2,"61":2,"62":2,"64":2,"70":1,"76":1,"82":2,"83":2,"85":2,"91":1,"98":1,"102":1,"105":1,"112":1,"119":1,"120":1,"123":1,"130":1,"131":1,"132":1,"133":1,"134":1,"135":1,"138":1,"143":2,"144":2,"147":1,"154":2,"155":2,"158":1,"165":2,"166":2,"169":1,"176":2,"177":2,"180":1,"187":1,"188":1,"192":1,"193":1}},"/home/travis/build/npmtest/node-npmtest-json-schema-faker/lib.npmtest_json_schema_faker.js":{"path":"/home/travis/build/npmtest/node-npmtest-json-schema-faker/lib.npmtest_json_schema_faker.js","s":{"1":2,"2":2,"3":2,"4":2,"5":2,"6":2,"7":2,"8":1,"9":2,"10":2,"11":2,"12":2,"13":1,"14":1,"15":1,"16":1},"b":{"1":[2,1,1,1],"2":[1,1,1,1],"3":[1,1],"4":[2,2],"5":[1,1]},"f":{"1":2,"2":2,"3":2},"fnMap":{"1":{"name":"(anonymous_1)","line":12,"loc":{"start":{"line":12,"column":1},"end":{"line":12,"column":13}}},"2":{"name":"(anonymous_2)","line":19,"loc":{"start":{"line":19,"column":5},"end":{"line":19,"column":17}}},"3":{"name":"(anonymous_3)","line":23,"loc":{"start":{"line":23,"column":24},"end":{"line":23,"column":36}}}},"statementMap":{"1":{"start":{"line":12,"column":0},"end":{"line":53,"column":5}},"2":{"start":{"line":14,"column":4},"end":{"line":14,"column":14}},"3":{"start":{"line":19,"column":4},"end":{"line":52,"column":9}},"4":{"start":{"line":21,"column":8},"end":{"line":21,"column":19}},"5":{"start":{"line":23,"column":8},"end":{"line":35,"column":13}},"6":{"start":{"line":24,"column":12},"end":{"line":34,"column":13}},"7":{"start":{"line":25,"column":16},"end":{"line":28,"column":30}},"8":{"start":{"line":30,"column":16},"end":{"line":33,"column":27}},"9":{"start":{"line":37,"column":8},"end":{"line":39,"column":21}},"10":{"start":{"line":41,"column":8},"end":{"line":41,"column":54}},"11":{"start":{"line":43,"column":8},"end":{"line":43,"column":62}},"12":{"start":{"line":45,"column":8},"end":{"line":51,"column":9}},"13":{"start":{"line":46,"column":12},"end":{"line":46,"column":68}},"14":{"start":{"line":48,"column":12},"end":{"line":48,"column":35}},"15":{"start":{"line":49,"column":12},"end":{"line":49,"column":49}},"16":{"start":{"line":50,"column":12},"end":{"line":50,"column":43}}},"branchMap":{"1":{"line":25,"type":"binary-expr","locations":[{"start":{"line":25,"column":23},"end":{"line":25,"column":62}},{"start":{"line":26,"column":20},"end":{"line":26,"column":70}},{"start":{"line":27,"column":20},"end":{"line":27,"column":71}},{"start":{"line":28,"column":20},"end":{"line":28,"column":29}}]},"2":{"line":30,"type":"binary-expr","locations":[{"start":{"line":30,"column":23},"end":{"line":30,"column":37}},{"start":{"line":31,"column":20},"end":{"line":31,"column":61}},{"start":{"line":32,"column":20},"end":{"line":32,"column":70}},{"start":{"line":33,"column":20},"end":{"line":33,"column":26}}]},"3":{"line":37,"type":"cond-expr","locations":[{"start":{"line":38,"column":14},"end":{"line":38,"column":20}},{"start":{"line":39,"column":14},"end":{"line":39,"column":20}}]},"4":{"line":41,"type":"binary-expr","locations":[{"start":{"line":41,"column":16},"end":{"line":41,"column":44}},{"start":{"line":41,"column":48},"end":{"line":41,"column":53}}]},"5":{"line":45,"type":"if","locations":[{"start":{"line":45,"column":8},"end":{"line":45,"column":8}},{"start":{"line":45,"column":8},"end":{"line":45,"column":8}}]}},"code":["/* istanbul instrument in package npmtest_json_schema_faker */","/*jslint","    bitwise: true,","    browser: true,","    maxerr: 8,","    maxlen: 96,","    node: true,","    nomen: true,","    regexp: true,","    stupid: true","*/","(function () {","    'use strict';","    var local;","","","","    // run shared js-env code - pre-init","    (function () {","        // init local","        local = {};","        // init modeJs","        local.modeJs = (function () {","            try {","                return typeof navigator.userAgent === 'string' &&","                    typeof document.querySelector('body') === 'object' &&","                    typeof XMLHttpRequest.prototype.open === 'function' &&","                    'browser';","            } catch (errorCaughtBrowser) {","                return module.exports &&","                    typeof process.versions.node === 'string' &&","                    typeof require('http').createServer === 'function' &&","                    'node';","            }","        }());","        // init global","        local.global = local.modeJs === 'browser'","            ? window","            : global;","        // init utility2_rollup","        local = local.global.utility2_rollup || local;","        // init lib","        local.local = local.npmtest_json_schema_faker = local;","        // init exports","        if (local.modeJs === 'browser') {","            local.global.utility2_npmtest_json_schema_faker = local;","        } else {","            module.exports = local;","            module.exports.__dirname = __dirname;","            module.exports.module = module;","        }","    }());","}());",""],"l":{"12":2,"14":2,"19":2,"21":2,"23":2,"24":2,"25":2,"30":1,"37":2,"41":2,"43":2,"45":2,"46":1,"48":1,"49":1,"50":1}},"/home/travis/build/npmtest/node-npmtest-json-schema-faker/example.js":{"path":"/home/travis/build/npmtest/node-npmtest-json-schema-faker/example.js","s":{"1":2,"2":2,"3":2,"4":2,"5":2,"6":2,"7":2,"8":1,"9":2,"10":2,"11":2,"12":2,"13":1,"14":2,"15":2,"16":2,"17":2,"18":2,"19":0,"20":2,"21":1,"22":1,"23":1,"24":1,"25":1,"26":0,"27":0,"28":1,"29":1,"30":2,"31":0,"32":0,"33":0,"34":1,"35":2,"36":2,"37":3,"38":3,"39":3,"40":3,"41":0,"42":3,"43":3,"44":3,"45":1,"46":3,"47":1,"48":1,"49":1,"50":1,"51":1,"52":1,"53":1,"54":1,"55":1,"56":1,"57":0,"58":1,"59":6,"60":6,"61":1,"62":2,"63":0,"64":2,"65":1,"66":1,"67":0,"68":0,"69":0,"70":0,"71":0,"72":0,"73":0,"74":0,"75":0,"76":0,"77":0,"78":0,"79":0,"80":0,"81":0,"82":0,"83":0},"b":{"1":[2,1,1,1],"2":[1,1,1,1],"3":[1,1],"4":[2,2],"5":[1,1],"6":[1,1],"7":[2,0],"8":[2,1,1,1,1,1],"9":[0,2,0],"10":[1,1],"11":[2,1,1],"12":[1,0],"13":[0,2],"14":[2,0,0,0,0,0,0],"15":[0,3],"16":[3,0],"17":[1,1],"18":[0,1],"19":[1,2,0,2],"20":[1,0],"21":[1,1],"22":[0,0],"23":[0,0],"24":[0,0],"25":[0,0],"26":[0,0],"27":[0,0],"28":[0,0]},"f":{"1":2,"2":2,"3":2,"4":2,"5":2,"6":2,"7":3,"8":3,"9":3,"10":1,"11":6,"12":0},"fnMap":{"1":{"name":"(anonymous_1)","line":26,"loc":{"start":{"line":26,"column":1},"end":{"line":26,"column":13}}},"2":{"name":"(anonymous_2)","line":33,"loc":{"start":{"line":33,"column":5},"end":{"line":33,"column":17}}},"3":{"name":"(anonymous_3)","line":37,"loc":{"start":{"line":37,"column":24},"end":{"line":37,"column":36}}},"4":{"name":"(anonymous_4)","line":69,"loc":{"start":{"line":69,"column":31},"end":{"line":69,"column":48}},"skip":true},"5":{"name":"(anonymous_5)","line":78,"loc":{"start":{"line":78,"column":26},"end":{"line":78,"column":45}},"skip":true},"6":{"name":"(anonymous_6)","line":123,"loc":{"start":{"line":123,"column":33},"end":{"line":123,"column":48}},"skip":true},"7":{"name":"(anonymous_7)","line":125,"loc":{"start":{"line":125,"column":27},"end":{"line":125,"column":39}},"skip":true},"8":{"name":"(anonymous_8)","line":133,"loc":{"start":{"line":133,"column":59},"end":{"line":133,"column":74}},"skip":true},"9":{"name":"(anonymous_9)","line":143,"loc":{"start":{"line":143,"column":45},"end":{"line":143,"column":62}},"skip":true},"10":{"name":"(anonymous_10)","line":144,"loc":{"start":{"line":144,"column":73},"end":{"line":144,"column":92}},"skip":true},"11":{"name":"(anonymous_11)","line":272,"loc":{"start":{"line":272,"column":51},"end":{"line":272,"column":77}},"skip":true},"12":{"name":"(anonymous_12)","line":315,"loc":{"start":{"line":315,"column":32},"end":{"line":315,"column":61}},"skip":true}},"statementMap":{"1":{"start":{"line":26,"column":0},"end":{"line":326,"column":5}},"2":{"start":{"line":28,"column":4},"end":{"line":28,"column":14}},"3":{"start":{"line":33,"column":4},"end":{"line":60,"column":9}},"4":{"start":{"line":35,"column":8},"end":{"line":35,"column":19}},"5":{"start":{"line":37,"column":8},"end":{"line":49,"column":13}},"6":{"start":{"line":38,"column":12},"end":{"line":48,"column":13}},"7":{"start":{"line":39,"column":16},"end":{"line":42,"column":30}},"8":{"start":{"line":44,"column":16},"end":{"line":47,"column":27}},"9":{"start":{"line":51,"column":8},"end":{"line":53,"column":21}},"10":{"start":{"line":55,"column":8},"end":{"line":57,"column":45}},"11":{"start":{"line":59,"column":8},"end":{"line":59,"column":35}},"12":{"start":{"line":61,"column":4},"end":{"line":325,"column":5}},"13":{"start":{"line":69,"column":8},"end":{"line":121,"column":10},"skip":true},"14":{"start":{"line":70,"column":12},"end":{"line":88,"column":13},"skip":true},"15":{"start":{"line":76,"column":16},"end":{"line":87,"column":19},"skip":true},"16":{"start":{"line":79,"column":20},"end":{"line":86,"column":21},"skip":true},"17":{"start":{"line":82,"column":24},"end":{"line":82,"column":43},"skip":true},"18":{"start":{"line":83,"column":24},"end":{"line":83,"column":30},"skip":true},"19":{"start":{"line":85,"column":24},"end":{"line":85,"column":49},"skip":true},"20":{"start":{"line":89,"column":12},"end":{"line":107,"column":13},"skip":true},"21":{"start":{"line":92,"column":16},"end":{"line":102,"column":17},"skip":true},"22":{"start":{"line":93,"column":20},"end":{"line":93,"column":86},"skip":true},"23":{"start":{"line":94,"column":20},"end":{"line":95,"column":45},"skip":true},"24":{"start":{"line":96,"column":20},"end":{"line":96,"column":42},"skip":true},"25":{"start":{"line":97,"column":20},"end":{"line":97,"column":48},"skip":true},"26":{"start":{"line":100,"column":20},"end":{"line":100,"column":85},"skip":true},"27":{"start":{"line":101,"column":20},"end":{"line":101,"column":96},"skip":true},"28":{"start":{"line":103,"column":16},"end":{"line":103,"column":22},"skip":true},"29":{"start":{"line":106,"column":16},"end":{"line":106,"column":22},"skip":true},"30":{"start":{"line":108,"column":12},"end":{"line":120,"column":13},"skip":true},"31":{"start":{"line":114,"column":16},"end":{"line":119,"column":17},"skip":true},"32":{"start":{"line":116,"column":20},"end":{"line":116,"column":78},"skip":true},"33":{"start":{"line":118,"column":20},"end":{"line":118,"column":47},"skip":true},"34":{"start":{"line":123,"column":8},"end":{"line":141,"column":11},"skip":true},"35":{"start":{"line":124,"column":12},"end":{"line":124,"column":54},"skip":true},"36":{"start":{"line":125,"column":12},"end":{"line":140,"column":14},"skip":true},"37":{"start":{"line":126,"column":16},"end":{"line":126,"column":28},"skip":true},"38":{"start":{"line":127,"column":16},"end":{"line":127,"column":69},"skip":true},"39":{"start":{"line":128,"column":16},"end":{"line":128,"column":75},"skip":true},"40":{"start":{"line":129,"column":16},"end":{"line":131,"column":17},"skip":true},"41":{"start":{"line":130,"column":20},"end":{"line":130,"column":27},"skip":true},"42":{"start":{"line":133,"column":16},"end":{"line":137,"column":36},"skip":true},"43":{"start":{"line":134,"column":20},"end":{"line":136,"column":55},"skip":true},"44":{"start":{"line":139,"column":16},"end":{"line":139,"column":57},"skip":true},"45":{"start":{"line":143,"column":8},"end":{"line":147,"column":11},"skip":true},"46":{"start":{"line":144,"column":12},"end":{"line":146,"column":15},"skip":true},"47":{"start":{"line":145,"column":16},"end":{"line":145,"column":70},"skip":true},"48":{"start":{"line":149,"column":8},"end":{"line":149,"column":31},"skip":true},"49":{"start":{"line":150,"column":8},"end":{"line":150,"column":14},"skip":true},"50":{"start":{"line":158,"column":8},"end":{"line":158,"column":31},"skip":true},"51":{"start":{"line":160,"column":8},"end":{"line":160,"column":33},"skip":true},"52":{"start":{"line":161,"column":8},"end":{"line":161,"column":37},"skip":true},"53":{"start":{"line":162,"column":8},"end":{"line":162,"column":35},"skip":true},"54":{"start":{"line":164,"column":8},"end":{"line":164,"column":50},"skip":true},"55":{"start":{"line":166,"column":8},"end":{"line":256,"column":2},"skip":true},"56":{"start":{"line":258,"column":8},"end":{"line":286,"column":9},"skip":true},"57":{"start":{"line":259,"column":12},"end":{"line":269,"column":14},"skip":true},"58":{"start":{"line":271,"column":12},"end":{"line":285,"column":19},"skip":true},"59":{"start":{"line":274,"column":20},"end":{"line":274,"column":35},"skip":true},"60":{"start":{"line":275,"column":20},"end":{"line":284,"column":21},"skip":true},"61":{"start":{"line":277,"column":24},"end":{"line":277,"column":64},"skip":true},"62":{"start":{"line":279,"column":24},"end":{"line":279,"column":40},"skip":true},"63":{"start":{"line":281,"column":24},"end":{"line":281,"column":40},"skip":true},"64":{"start":{"line":283,"column":24},"end":{"line":283,"column":39},"skip":true},"65":{"start":{"line":288,"column":8},"end":{"line":290,"column":9},"skip":true},"66":{"start":{"line":289,"column":12},"end":{"line":289,"column":18},"skip":true},"67":{"start":{"line":291,"column":8},"end":{"line":293,"column":54},"skip":true},"68":{"start":{"line":296,"column":8},"end":{"line":301,"column":37},"skip":true},"69":{"start":{"line":303,"column":8},"end":{"line":303,"column":82},"skip":true},"70":{"start":{"line":306,"column":8},"end":{"line":308,"column":9},"skip":true},"71":{"start":{"line":307,"column":12},"end":{"line":307,"column":82},"skip":true},"72":{"start":{"line":310,"column":8},"end":{"line":312,"column":9},"skip":true},"73":{"start":{"line":311,"column":12},"end":{"line":311,"column":18},"skip":true},"74":{"start":{"line":313,"column":8},"end":{"line":313,"column":54},"skip":true},"75":{"start":{"line":314,"column":8},"end":{"line":314,"column":69},"skip":true},"76":{"start":{"line":315,"column":8},"end":{"line":323,"column":36},"skip":true},"77":{"start":{"line":316,"column":12},"end":{"line":316,"column":61},"skip":true},"78":{"start":{"line":317,"column":12},"end":{"line":320,"column":13},"skip":true},"79":{"start":{"line":318,"column":16},"end":{"line":318,"column":75},"skip":true},"80":{"start":{"line":319,"column":16},"end":{"line":319,"column":23},"skip":true},"81":{"start":{"line":321,"column":12},"end":{"line":321,"column":38},"skip":true},"82":{"start":{"line":322,"column":12},"end":{"line":322,"column":27},"skip":true},"83":{"start":{"line":324,"column":8},"end":{"line":324,"column":14},"skip":true}},"branchMap":{"1":{"line":39,"type":"binary-expr","locations":[{"start":{"line":39,"column":23},"end":{"line":39,"column":62}},{"start":{"line":40,"column":20},"end":{"line":40,"column":70}},{"start":{"line":41,"column":20},"end":{"line":41,"column":71}},{"start":{"line":42,"column":20},"end":{"line":42,"column":29}}]},"2":{"line":44,"type":"binary-expr","locations":[{"start":{"line":44,"column":23},"end":{"line":44,"column":37}},{"start":{"line":45,"column":20},"end":{"line":45,"column":61}},{"start":{"line":46,"column":20},"end":{"line":46,"column":70}},{"start":{"line":47,"column":20},"end":{"line":47,"column":26}}]},"3":{"line":51,"type":"cond-expr","locations":[{"start":{"line":52,"column":14},"end":{"line":52,"column":20}},{"start":{"line":53,"column":14},"end":{"line":53,"column":20}}]},"4":{"line":55,"type":"binary-expr","locations":[{"start":{"line":55,"column":16},"end":{"line":55,"column":44}},{"start":{"line":55,"column":49},"end":{"line":57,"column":43}}]},"5":{"line":55,"type":"cond-expr","locations":[{"start":{"line":56,"column":14},"end":{"line":56,"column":61}},{"start":{"line":57,"column":14},"end":{"line":57,"column":43}}]},"6":{"line":61,"type":"switch","locations":[{"start":{"line":68,"column":4},"end":{"line":150,"column":14},"skip":true},{"start":{"line":156,"column":4},"end":{"line":324,"column":14},"skip":true}]},"7":{"line":70,"type":"if","locations":[{"start":{"line":70,"column":12},"end":{"line":70,"column":12},"skip":true},{"start":{"line":70,"column":12},"end":{"line":70,"column":12},"skip":true}]},"8":{"line":70,"type":"binary-expr","locations":[{"start":{"line":70,"column":16},"end":{"line":70,"column":22},"skip":true},{"start":{"line":70,"column":27},"end":{"line":70,"column":32},"skip":true},{"start":{"line":71,"column":20},"end":{"line":71,"column":39},"skip":true},{"start":{"line":72,"column":20},"end":{"line":72,"column":49},"skip":true},{"start":{"line":73,"column":20},"end":{"line":73,"column":58},"skip":true},{"start":{"line":74,"column":20},"end":{"line":74,"column":69},"skip":true}]},"9":{"line":79,"type":"switch","locations":[{"start":{"line":80,"column":20},"end":{"line":80,"column":33},"skip":true},{"start":{"line":81,"column":20},"end":{"line":83,"column":30},"skip":true},{"start":{"line":84,"column":20},"end":{"line":85,"column":49},"skip":true}]},"10":{"line":89,"type":"switch","locations":[{"start":{"line":90,"column":12},"end":{"line":103,"column":22},"skip":true},{"start":{"line":105,"column":12},"end":{"line":106,"column":22},"skip":true}]},"11":{"line":89,"type":"binary-expr","locations":[{"start":{"line":89,"column":20},"end":{"line":89,"column":25},"skip":true},{"start":{"line":89,"column":29},"end":{"line":89,"column":48},"skip":true},{"start":{"line":89,"column":52},"end":{"line":89,"column":74},"skip":true}]},"12":{"line":92,"type":"if","locations":[{"start":{"line":92,"column":16},"end":{"line":92,"column":16},"skip":true},{"start":{"line":92,"column":16},"end":{"line":92,"column":16},"skip":true}]},"13":{"line":108,"type":"if","locations":[{"start":{"line":108,"column":12},"end":{"line":108,"column":12},"skip":true},{"start":{"line":108,"column":12},"end":{"line":108,"column":12},"skip":true}]},"14":{"line":108,"type":"binary-expr","locations":[{"start":{"line":108,"column":16},"end":{"line":108,"column":61},"skip":true},{"start":{"line":108,"column":66},"end":{"line":108,"column":72},"skip":true},{"start":{"line":108,"column":77},"end":{"line":108,"column":82},"skip":true},{"start":{"line":109,"column":20},"end":{"line":109,"column":39},"skip":true},{"start":{"line":110,"column":20},"end":{"line":110,"column":49},"skip":true},{"start":{"line":111,"column":20},"end":{"line":111,"column":58},"skip":true},{"start":{"line":112,"column":20},"end":{"line":112,"column":68},"skip":true}]},"15":{"line":129,"type":"if","locations":[{"start":{"line":129,"column":16},"end":{"line":129,"column":16},"skip":true},{"start":{"line":129,"column":16},"end":{"line":129,"column":16},"skip":true}]},"16":{"line":134,"type":"cond-expr","locations":[{"start":{"line":135,"column":26},"end":{"line":135,"column":29},"skip":true},{"start":{"line":136,"column":26},"end":{"line":136,"column":54},"skip":true}]},"17":{"line":164,"type":"binary-expr","locations":[{"start":{"line":164,"column":27},"end":{"line":164,"column":43},"skip":true},{"start":{"line":164,"column":47},"end":{"line":164,"column":49},"skip":true}]},"18":{"line":258,"type":"if","locations":[{"start":{"line":258,"column":8},"end":{"line":258,"column":8},"skip":true},{"start":{"line":258,"column":8},"end":{"line":258,"column":8},"skip":true}]},"19":{"line":275,"type":"switch","locations":[{"start":{"line":276,"column":20},"end":{"line":277,"column":64},"skip":true},{"start":{"line":278,"column":20},"end":{"line":279,"column":40},"skip":true},{"start":{"line":280,"column":20},"end":{"line":281,"column":40},"skip":true},{"start":{"line":282,"column":20},"end":{"line":283,"column":39},"skip":true}]},"20":{"line":288,"type":"if","locations":[{"start":{"line":288,"column":8},"end":{"line":288,"column":8},"skip":true},{"start":{"line":288,"column":8},"end":{"line":288,"column":8},"skip":true}]},"21":{"line":288,"type":"binary-expr","locations":[{"start":{"line":288,"column":12},"end":{"line":288,"column":40},"skip":true},{"start":{"line":288,"column":44},"end":{"line":288,"column":67},"skip":true}]},"22":{"line":292,"type":"binary-expr","locations":[{"start":{"line":292,"column":12},"end":{"line":292,"column":50},"skip":true},{"start":{"line":293,"column":12},"end":{"line":293,"column":53},"skip":true}]},"23":{"line":297,"type":"binary-expr","locations":[{"start":{"line":297,"column":12},"end":{"line":297,"column":75},"skip":true},{"start":{"line":298,"column":12},"end":{"line":301,"column":36},"skip":true}]},"24":{"line":303,"type":"binary-expr","locations":[{"start":{"line":303,"column":43},"end":{"line":303,"column":75},"skip":true},{"start":{"line":303,"column":79},"end":{"line":303,"column":81},"skip":true}]},"25":{"line":306,"type":"if","locations":[{"start":{"line":306,"column":8},"end":{"line":306,"column":8},"skip":true},{"start":{"line":306,"column":8},"end":{"line":306,"column":8},"skip":true}]},"26":{"line":310,"type":"if","locations":[{"start":{"line":310,"column":8},"end":{"line":310,"column":8},"skip":true},{"start":{"line":310,"column":8},"end":{"line":310,"column":8},"skip":true}]},"27":{"line":313,"type":"binary-expr","locations":[{"start":{"line":313,"column":27},"end":{"line":313,"column":43},"skip":true},{"start":{"line":313,"column":47},"end":{"line":313,"column":53},"skip":true}]},"28":{"line":317,"type":"if","locations":[{"start":{"line":317,"column":12},"end":{"line":317,"column":12},"skip":true},{"start":{"line":317,"column":12},"end":{"line":317,"column":12},"skip":true}]}},"code":["/*","example.js","","quickstart example","","instruction","    1. save this script as example.js","    2. run the shell command:","        $ npm install npmtest-json-schema-faker && PORT=8081 node example.js","    3. play with the browser-demo on http://127.0.0.1:8081","*/","","","","/* istanbul instrument in package npmtest_json_schema_faker */","/*jslint","    bitwise: true,","    browser: true,","    maxerr: 8,","    maxlen: 96,","    node: true,","    nomen: true,","    regexp: true,","    stupid: true","*/","(function () {","    'use strict';","    var local;","","","","    // run shared js-env code - pre-init","    (function () {","        // init local","        local = {};","        // init modeJs","        local.modeJs = (function () {","            try {","                return typeof navigator.userAgent === 'string' &&","                    typeof document.querySelector('body') === 'object' &&","                    typeof XMLHttpRequest.prototype.open === 'function' &&","                    'browser';","            } catch (errorCaughtBrowser) {","                return module.exports &&","                    typeof process.versions.node === 'string' &&","                    typeof require('http').createServer === 'function' &&","                    'node';","            }","        }());","        // init global","        local.global = local.modeJs === 'browser'","            ? window","            : global;","        // init utility2_rollup","        local = local.global.utility2_rollup || (local.modeJs === 'browser'","            ? local.global.utility2_npmtest_json_schema_faker","            : global.utility2_moduleExports);","        // export local","        local.global.local = local;","    }());","    switch (local.modeJs) {","","","","    // post-init","    // run browser js-env code - post-init","    /* istanbul ignore next */","    case 'browser':","        local.testRunBrowser = function (event) {","            if (!event || (event &&","                    event.currentTarget &&","                    event.currentTarget.className &&","                    event.currentTarget.className.includes &&","                    event.currentTarget.className.includes('onreset'))) {","                // reset output","                Array.from(","                    document.querySelectorAll('body > .resettable')","                ).forEach(function (element) {","                    switch (element.tagName) {","                    case 'INPUT':","                    case 'TEXTAREA':","                        element.value = '';","                        break;","                    default:","                        element.textContent = '';","                    }","                });","            }","            switch (event && event.currentTarget && event.currentTarget.id) {","            case 'testRunButton1':","                // show tests","                if (document.querySelector('#testReportDiv1').style.display === 'none') {","                    document.querySelector('#testReportDiv1').style.display = 'block';","                    document.querySelector('#testRunButton1').textContent =","                        'hide internal test';","                    local.modeTest = true;","                    local.testRunDefault(local);","                // hide tests","                } else {","                    document.querySelector('#testReportDiv1').style.display = 'none';","                    document.querySelector('#testRunButton1').textContent = 'run internal test';","                }","                break;","            // custom-case","            default:","                break;","            }","            if (document.querySelector('#inputTextareaEval1') && (!event || (event &&","                    event.currentTarget &&","                    event.currentTarget.className &&","                    event.currentTarget.className.includes &&","                    event.currentTarget.className.includes('oneval')))) {","                // try to eval input-code","                try {","                    /*jslint evil: true*/","                    eval(document.querySelector('#inputTextareaEval1').value);","                } catch (errorCaught) {","                    console.error(errorCaught);","                }","            }","        };","        // log stderr and stdout to #outputTextareaStdout1","        ['error', 'log'].forEach(function (key) {","            console[key + '_original'] = console[key];","            console[key] = function () {","                var element;","                console[key + '_original'].apply(console, arguments);","                element = document.querySelector('#outputTextareaStdout1');","                if (!element) {","                    return;","                }","                // append text to #outputTextareaStdout1","                element.value += Array.from(arguments).map(function (arg) {","                    return typeof arg === 'string'","                        ? arg","                        : JSON.stringify(arg, null, 4);","                }).join(' ') + '\\n';","                // scroll textarea to bottom","                element.scrollTop = element.scrollHeight;","            };","        });","        // init event-handling","        ['change', 'click', 'keyup'].forEach(function (event) {","            Array.from(document.querySelectorAll('.on' + event)).forEach(function (element) {","                element.addEventListener(event, local.testRunBrowser);","            });","        });","        // run tests","        local.testRunBrowser();","        break;","","","","    // run node js-env code - post-init","    /* istanbul ignore next */","    case 'node':","        // export local","        module.exports = local;","        // require modules","        local.fs = require('fs');","        local.http = require('http');","        local.url = require('url');","        // init assets","        local.assetsDict = local.assetsDict || {};","        /* jslint-ignore-begin */","        local.assetsDict['/assets.index.template.html'] = '\\","<!doctype html>\\n\\","<html lang=\"en\">\\n\\","<head>\\n\\","<meta charset=\"UTF-8\">\\n\\","<meta name=\"viewport\" content=\"width=device-width, initial-scale=1\">\\n\\","<title>{{env.npm_package_name}} (v{{env.npm_package_version}})</title>\\n\\","<style>\\n\\","/*csslint\\n\\","    box-sizing: false,\\n\\","    universal-selector: false\\n\\","*/\\n\\","* {\\n\\","    box-sizing: border-box;\\n\\","}\\n\\","body {\\n\\","    background: #dde;\\n\\","    font-family: Arial, Helvetica, sans-serif;\\n\\","    margin: 2rem;\\n\\","}\\n\\","body > * {\\n\\","    margin-bottom: 1rem;\\n\\","}\\n\\",".utility2FooterDiv {\\n\\","    margin-top: 20px;\\n\\","    text-align: center;\\n\\","}\\n\\","</style>\\n\\","<style>\\n\\","/*csslint\\n\\","*/\\n\\","textarea {\\n\\","    font-family: monospace;\\n\\","    height: 10rem;\\n\\","    width: 100%;\\n\\","}\\n\\","textarea[readonly] {\\n\\","    background: #ddd;\\n\\","}\\n\\","</style>\\n\\","</head>\\n\\","<body>\\n\\","<!-- utility2-comment\\n\\","<div id=\"ajaxProgressDiv1\" style=\"background: #d00; height: 2px; left: 0; margin: 0; padding: 0; position: fixed; top: 0; transition: background 0.5s, width 1.5s; width: 25%;\"></div>\\n\\","utility2-comment -->\\n\\","<h1>\\n\\","<!-- utility2-comment\\n\\","    <a\\n\\","        {{#if env.npm_package_homepage}}\\n\\","        href=\"{{env.npm_package_homepage}}\"\\n\\","        {{/if env.npm_package_homepage}}\\n\\","        target=\"_blank\"\\n\\","    >\\n\\","utility2-comment -->\\n\\","        {{env.npm_package_name}} (v{{env.npm_package_version}})\\n\\","<!-- utility2-comment\\n\\","    </a>\\n\\","utility2-comment -->\\n\\","</h1>\\n\\","<h3>{{env.npm_package_description}}</h3>\\n\\","<!-- utility2-comment\\n\\","<h4><a download href=\"assets.app.js\">download standalone app</a></h4>\\n\\","<button class=\"onclick onreset\" id=\"testRunButton1\">run internal test</button><br>\\n\\","<div id=\"testReportDiv1\" style=\"display: none;\"></div>\\n\\","utility2-comment -->\\n\\","\\n\\","\\n\\","\\n\\","<label>stderr and stdout</label>\\n\\","<textarea class=\"resettable\" id=\"outputTextareaStdout1\" readonly></textarea>\\n\\","<!-- utility2-comment\\n\\","{{#if isRollup}}\\n\\","<script src=\"assets.app.js\"></script>\\n\\","{{#unless isRollup}}\\n\\","utility2-comment -->\\n\\","<script src=\"assets.utility2.rollup.js\"></script>\\n\\","<script src=\"jsonp.utility2._stateInit?callback=window.utility2._stateInit\"></script>\\n\\","<script src=\"assets.npmtest_json_schema_faker.rollup.js\"></script>\\n\\","<script src=\"assets.example.js\"></script>\\n\\","<script src=\"assets.test.js\"></script>\\n\\","<!-- utility2-comment\\n\\","{{/if isRollup}}\\n\\","utility2-comment -->\\n\\","<div class=\"utility2FooterDiv\">\\n\\","    [ this app was created with\\n\\","    <a href=\"https://github.com/kaizhu256/node-utility2\" target=\"_blank\">utility2</a>\\n\\","    ]\\n\\","</div>\\n\\","</body>\\n\\","</html>\\n\\","';","        /* jslint-ignore-end */","        if (local.templateRender) {","            local.assetsDict['/'] = local.templateRender(","                local.assetsDict['/assets.index.template.html'],","                {","                    env: local.objectSetDefault(local.env, {","                        npm_package_description: 'the greatest app in the world!',","                        npm_package_name: 'my-app',","                        npm_package_nameAlias: 'my_app',","                        npm_package_version: '0.0.1'","                    })","                }","            );","        } else {","            local.assetsDict['/'] = local.assetsDict['/assets.index.template.html']","                .replace((/\\{\\{env\\.(\\w+?)\\}\\}/g), function (match0, match1) {","                    // jslint-hack","                    String(match0);","                    switch (match1) {","                    case 'npm_package_description':","                        return 'the greatest app in the world!';","                    case 'npm_package_name':","                        return 'my-app';","                    case 'npm_package_nameAlias':","                        return 'my_app';","                    case 'npm_package_version':","                        return '0.0.1';","                    }","                });","        }","        // run the cli","        if (local.global.utility2_rollup || module !== require.main) {","            break;","        }","        local.assetsDict['/assets.example.js'] =","            local.assetsDict['/assets.example.js'] ||","            local.fs.readFileSync(__filename, 'utf8');","        // bug-workaround - long $npm_package_buildCustomOrg","        /* jslint-ignore-begin */","        local.assetsDict['/assets.npmtest_json_schema_faker.rollup.js'] =","            local.assetsDict['/assets.npmtest_json_schema_faker.rollup.js'] ||","            local.fs.readFileSync(","                local.npmtest_json_schema_faker.__dirname + '/lib.npmtest_json_schema_faker.js',","                'utf8'","            ).replace((/^#!/), '//');","        /* jslint-ignore-end */","        local.assetsDict['/favicon.ico'] = local.assetsDict['/favicon.ico'] || '';","        // if $npm_config_timeout_exit exists,","        // then exit this process after $npm_config_timeout_exit ms","        if (Number(process.env.npm_config_timeout_exit)) {","            setTimeout(process.exit, Number(process.env.npm_config_timeout_exit));","        }","        // start server","        if (local.global.utility2_serverHttp1) {","            break;","        }","        process.env.PORT = process.env.PORT || '8081';","        console.error('server starting on port ' + process.env.PORT);","        local.http.createServer(function (request, response) {","            request.urlParsed = local.url.parse(request.url);","            if (local.assetsDict[request.urlParsed.pathname] !== undefined) {","                response.end(local.assetsDict[request.urlParsed.pathname]);","                return;","            }","            response.statusCode = 404;","            response.end();","        }).listen(process.env.PORT);","        break;","    }","}());",""],"l":{"26":2,"28":2,"33":2,"35":2,"37":2,"38":2,"39":2,"44":1,"51":2,"55":2,"59":2,"61":2,"69":1,"70":2,"76":2,"79":2,"82":2,"83":2,"85":1,"89":2,"92":1,"93":1,"94":1,"96":1,"97":1,"100":1,"101":1,"103":1,"106":1,"108":2,"114":1,"116":1,"118":1,"123":1,"124":2,"125":2,"126":3,"127":3,"128":3,"129":3,"130":1,"133":3,"134":3,"139":3,"143":1,"144":3,"145":1,"149":1,"150":1,"158":1,"160":1,"161":1,"162":1,"164":1,"166":1,"258":1,"259":1,"271":1,"274":6,"275":6,"277":1,"279":2,"281":1,"283":2,"288":1,"289":1,"291":1,"296":1,"303":1,"306":1,"307":1,"310":1,"311":1,"313":1,"314":1,"315":1,"316":1,"317":1,"318":1,"319":1,"321":1,"322":1,"324":1}},"/home/travis/build/npmtest/node-npmtest-json-schema-faker/node_modules/json-schema-faker/lib/index.js":{"path":"/home/travis/build/npmtest/node-npmtest-json-schema-faker/node_modules/json-schema-faker/lib/index.js","s":{"1":1,"2":1,"3":1,"4":1,"5":1,"6":0,"7":0,"8":0,"9":0,"10":0,"11":0,"12":0,"13":0,"14":0,"15":0,"16":0,"17":0,"18":0,"19":0,"20":0,"21":0,"22":1,"23":1,"24":1,"25":1,"26":1,"27":0,"28":0,"29":0,"30":0,"31":0,"32":1,"33":1,"34":1,"35":0,"36":0,"37":0,"38":1,"39":0,"40":0,"41":0,"42":0,"43":0,"44":0,"45":0,"46":0,"47":0,"48":0,"49":1,"50":1,"51":1,"52":2,"53":1,"54":0,"55":1,"56":0,"57":0,"58":1,"59":0,"60":0,"61":1,"62":0,"63":1,"64":1,"65":1,"66":0,"67":0,"68":0,"69":0,"70":0,"71":0,"72":0,"73":1,"74":1,"75":1,"76":1,"77":1,"78":1,"79":1,"80":1,"81":1,"82":1,"83":1,"84":1,"85":1,"86":1,"87":1,"88":1,"89":1,"90":1,"91":0,"92":0,"93":0,"94":1,"95":1,"96":1,"97":0,"98":0,"99":0,"100":1,"101":0,"102":0,"103":0,"104":0,"105":0,"106":0,"107":0,"108":1,"109":0,"110":0,"111":0,"112":0,"113":0,"114":1,"115":0,"116":0,"117":0,"118":0,"119":0,"120":0,"121":0,"122":0,"123":0,"124":0,"125":0,"126":0,"127":0,"128":1,"129":0,"130":0,"131":0,"132":0,"133":0,"134":0,"135":1,"136":0,"137":0,"138":0,"139":0,"140":0,"141":0,"142":0,"143":0,"144":0,"145":1,"146":0,"147":0,"148":0,"149":0,"150":0,"151":0,"152":0,"153":0,"154":0,"155":0,"156":0,"157":1,"158":1,"159":0,"160":1,"161":0,"162":0,"163":0,"164":0,"165":0,"166":0,"167":0,"168":1,"169":1,"170":1,"171":0,"172":1,"173":0,"174":0,"175":0,"176":0,"177":0,"178":0,"179":0,"180":0,"181":0,"182":0,"183":0,"184":0,"185":1,"186":1,"187":1,"188":1,"189":0,"190":0,"191":0,"192":0,"193":0,"194":0,"195":0,"196":0,"197":1,"198":1,"199":1,"200":1,"201":1,"202":0,"203":0,"204":0,"205":0,"206":1,"207":0,"208":0,"209":0,"210":0,"211":1,"212":0,"213":1,"214":1,"215":0,"216":1,"217":1,"218":0,"219":1,"220":0,"221":0,"222":0,"223":0,"224":0,"225":0,"226":0,"227":0,"228":0,"229":0,"230":0,"231":1,"232":0,"233":0,"234":0,"235":0,"236":0,"237":0,"238":0,"239":0,"240":0,"241":0,"242":0,"243":0,"244":0,"245":0,"246":0,"247":0,"248":0,"249":0,"250":0,"251":0,"252":0,"253":0,"254":0,"255":0,"256":0,"257":0,"258":0,"259":1,"260":1,"261":1,"262":0,"263":0,"264":0,"265":0,"266":0,"267":0,"268":0,"269":0,"270":0,"271":0,"272":0,"273":0,"274":0,"275":1,"276":0,"277":0,"278":1,"279":1,"280":0,"281":0,"282":1,"283":1,"284":0,"285":0,"286":0,"287":0,"288":0,"289":0,"290":0,"291":0,"292":0,"293":0,"294":0,"295":0,"296":0,"297":0,"298":0,"299":0,"300":0,"301":0,"302":0,"303":0,"304":0,"305":0,"306":0,"307":0,"308":0,"309":0,"310":0,"311":0,"312":0,"313":0,"314":0,"315":0,"316":0,"317":0,"318":0,"319":0,"320":0,"321":0,"322":0,"323":0,"324":0,"325":0,"326":0,"327":0,"328":0,"329":0,"330":0,"331":0,"332":0,"333":0,"334":0,"335":0,"336":1,"337":0,"338":0,"339":1,"340":0,"341":0,"342":0,"343":0,"344":0,"345":0,"346":0,"347":0,"348":0,"349":0,"350":1,"351":0,"352":0,"353":1,"354":1,"355":0,"356":0,"357":0,"358":0,"359":1,"360":1,"361":0,"362":0,"363":1,"364":0,"365":0,"366":0,"367":0,"368":0,"369":0,"370":0,"371":0,"372":0,"373":0,"374":0,"375":0,"376":0,"377":1,"378":0,"379":0,"380":0,"381":0,"382":0,"383":0,"384":0,"385":0,"386":0,"387":0,"388":0,"389":0,"390":0,"391":0,"392":0,"393":0,"394":0,"395":0,"396":0,"397":1,"398":1,"399":0,"400":0,"401":0,"402":0,"403":0,"404":0,"405":0,"406":0,"407":0,"408":0,"409":0,"410":0,"411":0,"412":0,"413":0,"414":0,"415":0,"416":0,"417":0,"418":0,"419":0,"420":0,"421":0,"422":0,"423":0,"424":0,"425":0,"426":0,"427":0,"428":0,"429":0,"430":0,"431":1,"432":0,"433":1,"434":0,"435":0,"436":0,"437":0,"438":0,"439":0,"440":0,"441":0,"442":0,"443":0,"444":0,"445":0,"446":0,"447":0,"448":0,"449":0,"450":0,"451":0,"452":0,"453":0,"454":0,"455":0,"456":0,"457":0,"458":0,"459":1,"460":1,"461":0,"462":0,"463":0,"464":0,"465":0,"466":0,"467":0,"468":0,"469":0,"470":0,"471":0,"472":1,"473":1,"474":1,"475":1,"476":1,"477":0,"478":0,"479":1,"480":0,"481":0,"482":1,"483":0,"484":1,"485":1},"b":{"1":[0,1],"2":[1,1,0],"3":[0,0],"4":[0,0],"5":[0,0],"6":[0,0],"7":[0,0],"8":[0,0],"9":[0,0],"10":[0,0],"11":[0,0],"12":[0,0],"13":[1,1],"14":[0,0],"15":[0,0],"16":[0,0,0,0,0],"17":[0,0],"18":[0,0],"19":[0,0],"20":[0,0],"21":[0,0],"22":[0,0],"23":[0,0],"24":[0,0],"25":[0,0],"26":[0,0],"27":[0,0],"28":[0,0,0],"29":[0,0],"30":[0,0],"31":[0,0],"32":[0,0],"33":[0,0],"34":[0,0],"35":[0,0],"36":[0,0],"37":[0,0],"38":[0,0],"39":[0,0],"40":[0,0],"41":[0,0],"42":[0,0],"43":[0,0],"44":[0,0],"45":[0,0],"46":[0,0],"47":[0,0],"48":[0,0],"49":[0,0],"50":[0,0],"51":[0,0],"52":[0,0],"53":[0,0],"54":[0,0],"55":[0,0],"56":[0,0],"57":[0,0],"58":[0,0],"59":[0,0],"60":[0,0],"61":[0,0],"62":[0,0],"63":[0,0],"64":[0,0],"65":[0,0],"66":[0,0],"67":[0,0],"68":[0,0,0],"69":[0,0],"70":[0,0],"71":[0,0,0],"72":[0,0],"73":[0,0],"74":[0,0],"75":[0,0],"76":[0,0],"77":[0,0],"78":[0,0],"79":[0,0],"80":[0,0],"81":[0,0],"82":[0,0],"83":[0,0,0,0],"84":[0,0],"85":[0,0],"86":[0,0],"87":[0,0],"88":[0,0],"89":[0,0],"90":[0,0],"91":[0,0],"92":[0,0],"93":[0,0],"94":[0,0],"95":[0,0],"96":[0,0],"97":[0,0],"98":[0,0],"99":[0,0],"100":[0,0],"101":[0,0],"102":[0,0],"103":[0,0],"104":[0,0],"105":[0,0],"106":[0,0],"107":[0,0],"108":[0,0],"109":[0,0,0,0,0,0,0,0],"110":[0,0],"111":[0,0],"112":[0,0],"113":[0,0],"114":[0,0],"115":[0,0],"116":[0,0],"117":[0,0],"118":[0,0],"119":[0,0],"120":[0,0],"121":[0,0],"122":[0,0],"123":[0,0],"124":[0,0],"125":[0,0],"126":[0,0],"127":[0,0],"128":[0,0],"129":[0,0],"130":[0,0],"131":[0,0],"132":[0,0],"133":[0,0],"134":[0,0],"135":[0,0],"136":[0,0,0,0],"137":[0,0],"138":[0,0],"139":[0,0],"140":[0,0],"141":[0,0],"142":[0,0],"143":[0,0],"144":[0,0],"145":[0,0,0],"146":[0,0],"147":[0,0],"148":[0,0],"149":[0,0],"150":[0,0],"151":[0,0]},"f":{"1":1,"2":0,"3":0,"4":1,"5":1,"6":0,"7":0,"8":1,"9":0,"10":0,"11":0,"12":1,"13":2,"14":0,"15":0,"16":0,"17":0,"18":0,"19":1,"20":1,"21":0,"22":0,"23":0,"24":0,"25":0,"26":0,"27":0,"28":0,"29":0,"30":0,"31":0,"32":0,"33":0,"34":0,"35":0,"36":0,"37":0,"38":1,"39":0,"40":0,"41":0,"42":0,"43":0,"44":0,"45":0,"46":0,"47":0,"48":0,"49":0,"50":0,"51":0,"52":0,"53":0,"54":0,"55":0,"56":0,"57":0,"58":0,"59":0,"60":0,"61":0,"62":0,"63":0,"64":0,"65":0,"66":0,"67":0,"68":0,"69":0,"70":0,"71":0,"72":0,"73":0,"74":0,"75":0,"76":0,"77":0,"78":0,"79":0,"80":0},"fnMap":{"1":{"name":"_interopDefault","line":1,"loc":{"start":{"line":1,"column":0},"end":{"line":1,"column":30}}},"2":{"name":"proxy","line":7,"loc":{"start":{"line":7,"column":0},"end":{"line":7,"column":20}}},"3":{"name":"(anonymous_3)","line":8,"loc":{"start":{"line":8,"column":11},"end":{"line":8,"column":28}}},"4":{"name":"(anonymous_4)","line":47,"loc":{"start":{"line":47,"column":17},"end":{"line":47,"column":29}}},"5":{"name":"Container","line":48,"loc":{"start":{"line":48,"column":4},"end":{"line":48,"column":25}}},"6":{"name":"(anonymous_6)","line":59,"loc":{"start":{"line":59,"column":33},"end":{"line":59,"column":59}}},"7":{"name":"(anonymous_7)","line":64,"loc":{"start":{"line":64,"column":39},"end":{"line":64,"column":51}}},"8":{"name":"(anonymous_8)","line":72,"loc":{"start":{"line":72,"column":33},"end":{"line":72,"column":59}}},"9":{"name":"(anonymous_9)","line":80,"loc":{"start":{"line":80,"column":30},"end":{"line":80,"column":46}}},"10":{"name":"(anonymous_10)","line":90,"loc":{"start":{"line":90,"column":31},"end":{"line":90,"column":49}}},"11":{"name":"(anonymous_11)","line":97,"loc":{"start":{"line":97,"column":34},"end":{"line":97,"column":46}}},"12":{"name":"(anonymous_12)","line":109,"loc":{"start":{"line":109,"column":16},"end":{"line":109,"column":28}}},"13":{"name":"Registry","line":110,"loc":{"start":{"line":110,"column":4},"end":{"line":110,"column":24}}},"14":{"name":"(anonymous_14)","line":117,"loc":{"start":{"line":117,"column":34},"end":{"line":117,"column":60}}},"15":{"name":"(anonymous_15)","line":123,"loc":{"start":{"line":123,"column":38},"end":{"line":123,"column":57}}},"16":{"name":"(anonymous_16)","line":131,"loc":{"start":{"line":131,"column":29},"end":{"line":131,"column":45}}},"17":{"name":"(anonymous_17)","line":138,"loc":{"start":{"line":138,"column":30},"end":{"line":138,"column":42}}},"18":{"name":"formatAPI","line":154,"loc":{"start":{"line":154,"column":0},"end":{"line":154,"column":46}}},"19":{"name":"(anonymous_19)","line":174,"loc":{"start":{"line":174,"column":22},"end":{"line":174,"column":40}}},"20":{"name":"OptionRegistry","line":176,"loc":{"start":{"line":176,"column":4},"end":{"line":176,"column":30}}},"21":{"name":"optionAPI","line":201,"loc":{"start":{"line":201,"column":0},"end":{"line":201,"column":36}}},"22":{"name":"_randexp","line":213,"loc":{"start":{"line":213,"column":0},"end":{"line":213,"column":25}}},"23":{"name":"getSubAttribute","line":219,"loc":{"start":{"line":219,"column":0},"end":{"line":219,"column":47}}},"24":{"name":"hasProperties","line":237,"loc":{"start":{"line":237,"column":0},"end":{"line":237,"column":28}}},"25":{"name":"(anonymous_25)","line":242,"loc":{"start":{"line":242,"column":29},"end":{"line":242,"column":44}}},"26":{"name":"typecast","line":255,"loc":{"start":{"line":255,"column":0},"end":{"line":255,"column":33}}},"27":{"name":"clone","line":279,"loc":{"start":{"line":279,"column":0},"end":{"line":279,"column":20}}},"28":{"name":"(anonymous_28)","line":281,"loc":{"start":{"line":281,"column":16},"end":{"line":281,"column":39}}},"29":{"name":"merge","line":292,"loc":{"start":{"line":292,"column":0},"end":{"line":292,"column":21}}},"30":{"name":"clean","line":309,"loc":{"start":{"line":309,"column":0},"end":{"line":309,"column":29}}},"31":{"name":"(anonymous_31)","line":315,"loc":{"start":{"line":315,"column":17},"end":{"line":315,"column":34}}},"32":{"name":"(anonymous_32)","line":316,"loc":{"start":{"line":316,"column":20},"end":{"line":316,"column":37}}},"33":{"name":"(anonymous_33)","line":318,"loc":{"start":{"line":318,"column":29},"end":{"line":318,"column":42}}},"34":{"name":"pick","line":343,"loc":{"start":{"line":343,"column":0},"end":{"line":343,"column":26}}},"35":{"name":"shuffle","line":352,"loc":{"start":{"line":352,"column":0},"end":{"line":352,"column":29}}},"36":{"name":"getRandom","line":375,"loc":{"start":{"line":375,"column":0},"end":{"line":375,"column":29}}},"37":{"name":"number","line":388,"loc":{"start":{"line":388,"column":0},"end":{"line":388,"column":56}}},"38":{"name":"(anonymous_38)","line":409,"loc":{"start":{"line":409,"column":18},"end":{"line":409,"column":36}}},"39":{"name":"ParseError","line":411,"loc":{"start":{"line":411,"column":4},"end":{"line":411,"column":39}}},"40":{"name":"matchesType","line":473,"loc":{"start":{"line":473,"column":0},"end":{"line":473,"column":69}}},"41":{"name":"(anonymous_41)","line":474,"loc":{"start":{"line":474,"column":35},"end":{"line":474,"column":51}}},"42":{"name":"inferType","line":487,"loc":{"start":{"line":487,"column":0},"end":{"line":487,"column":36}}},"43":{"name":"booleanGenerator","line":501,"loc":{"start":{"line":501,"column":0},"end":{"line":501,"column":28}}},"44":{"name":"nullGenerator","line":512,"loc":{"start":{"line":512,"column":0},"end":{"line":512,"column":25}}},"45":{"name":"unique","line":519,"loc":{"start":{"line":519,"column":0},"end":{"line":519,"column":71}}},"46":{"name":"walk","line":521,"loc":{"start":{"line":521,"column":4},"end":{"line":521,"column":23}}},"47":{"name":"arrayType","line":540,"loc":{"start":{"line":540,"column":16},"end":{"line":540,"column":75}}},"48":{"name":"(anonymous_48)","line":553,"loc":{"start":{"line":553,"column":64},"end":{"line":553,"column":85}}},"49":{"name":"numberType","line":592,"loc":{"start":{"line":592,"column":17},"end":{"line":592,"column":44}}},"50":{"name":"integerType","line":616,"loc":{"start":{"line":616,"column":18},"end":{"line":616,"column":46}}},"51":{"name":"wordsGenerator","line":634,"loc":{"start":{"line":634,"column":0},"end":{"line":634,"column":32}}},"52":{"name":"objectType","line":642,"loc":{"start":{"line":642,"column":17},"end":{"line":642,"column":77}}},"53":{"name":"(anonymous_53)","line":660,"loc":{"start":{"line":660,"column":35},"end":{"line":660,"column":50}}},"54":{"name":"(anonymous_54)","line":669,"loc":{"start":{"line":669,"column":69},"end":{"line":669,"column":85}}},"55":{"name":"(anonymous_55)","line":677,"loc":{"start":{"line":677,"column":19},"end":{"line":677,"column":34}}},"56":{"name":"(anonymous_56)","line":685,"loc":{"start":{"line":685,"column":40},"end":{"line":685,"column":56}}},"57":{"name":"(anonymous_57)","line":716,"loc":{"start":{"line":716,"column":36},"end":{"line":716,"column":52}}},"58":{"name":"produce","line":736,"loc":{"start":{"line":736,"column":0},"end":{"line":736,"column":19}}},"59":{"name":"thunkGenerator","line":745,"loc":{"start":{"line":745,"column":0},"end":{"line":745,"column":34}}},"60":{"name":"ipv4Generator","line":765,"loc":{"start":{"line":765,"column":0},"end":{"line":765,"column":25}}},"61":{"name":"(anonymous_61)","line":766,"loc":{"start":{"line":766,"column":28},"end":{"line":766,"column":40}}},"62":{"name":"dateTimeGenerator","line":777,"loc":{"start":{"line":777,"column":0},"end":{"line":777,"column":29}}},"63":{"name":"coreFormatGenerator","line":800,"loc":{"start":{"line":800,"column":0},"end":{"line":800,"column":41}}},"64":{"name":"(anonymous_64)","line":801,"loc":{"start":{"line":801,"column":67},"end":{"line":801,"column":89}}},"65":{"name":"generateFormat","line":806,"loc":{"start":{"line":806,"column":0},"end":{"line":806,"column":40}}},"66":{"name":"stringType","line":836,"loc":{"start":{"line":836,"column":17},"end":{"line":836,"column":44}}},"67":{"name":"(anonymous_67)","line":851,"loc":{"start":{"line":851,"column":39},"end":{"line":851,"column":51}}},"68":{"name":"traverse","line":879,"loc":{"start":{"line":879,"column":0},"end":{"line":879,"column":41}}},"69":{"name":"isKey","line":939,"loc":{"start":{"line":939,"column":0},"end":{"line":939,"column":21}}},"70":{"name":"run","line":943,"loc":{"start":{"line":943,"column":0},"end":{"line":943,"column":32}}},"71":{"name":"reduce","line":945,"loc":{"start":{"line":945,"column":36},"end":{"line":945,"column":73}}},"72":{"name":"(anonymous_72)","line":957,"loc":{"start":{"line":957,"column":32},"end":{"line":957,"column":53}}},"73":{"name":"(anonymous_73)","line":967,"loc":{"start":{"line":967,"column":27},"end":{"line":967,"column":39}}},"74":{"name":"(anonymous_74)","line":989,"loc":{"start":{"line":989,"column":10},"end":{"line":989,"column":39}}},"75":{"name":"(anonymous_75)","line":992,"loc":{"start":{"line":992,"column":21},"end":{"line":992,"column":39}}},"76":{"name":"(anonymous_76)","line":1002,"loc":{"start":{"line":1002,"column":14},"end":{"line":1002,"column":40}}},"77":{"name":"(anonymous_77)","line":1013,"loc":{"start":{"line":1013,"column":12},"end":{"line":1013,"column":30}}},"78":{"name":"(anonymous_78)","line":1021,"loc":{"start":{"line":1021,"column":13},"end":{"line":1021,"column":33}}},"79":{"name":"(anonymous_79)","line":1025,"loc":{"start":{"line":1025,"column":13},"end":{"line":1025,"column":33}}},"80":{"name":"(anonymous_80)","line":1029,"loc":{"start":{"line":1029,"column":13},"end":{"line":1029,"column":29}}}},"statementMap":{"1":{"start":{"line":1,"column":0},"end":{"line":1,"column":114}},"2":{"start":{"line":1,"column":32},"end":{"line":1,"column":112}},"3":{"start":{"line":3,"column":0},"end":{"line":3,"column":68}},"4":{"start":{"line":4,"column":0},"end":{"line":4,"column":31}},"5":{"start":{"line":7,"column":0},"end":{"line":38,"column":1}},"6":{"start":{"line":8,"column":4},"end":{"line":37,"column":6}},"7":{"start":{"line":9,"column":8},"end":{"line":9,"column":23}},"8":{"start":{"line":10,"column":8},"end":{"line":10,"column":22}},"9":{"start":{"line":12,"column":8},"end":{"line":22,"column":9}},"10":{"start":{"line":13,"column":12},"end":{"line":13,"column":39}},"11":{"start":{"line":15,"column":12},"end":{"line":21,"column":13}},"12":{"start":{"line":17,"column":16},"end":{"line":17,"column":33}},"13":{"start":{"line":20,"column":16},"end":{"line":20,"column":37}},"14":{"start":{"line":24,"column":8},"end":{"line":24,"column":34}},"15":{"start":{"line":26,"column":8},"end":{"line":26,"column":24}},"16":{"start":{"line":27,"column":8},"end":{"line":29,"column":9}},"17":{"start":{"line":28,"column":12},"end":{"line":28,"column":37}},"18":{"start":{"line":31,"column":8},"end":{"line":31,"column":62}},"19":{"start":{"line":33,"column":8},"end":{"line":35,"column":9}},"20":{"start":{"line":34,"column":12},"end":{"line":34,"column":43}},"21":{"start":{"line":36,"column":8},"end":{"line":36,"column":21}},"22":{"start":{"line":47,"column":0},"end":{"line":104,"column":5}},"23":{"start":{"line":48,"column":4},"end":{"line":53,"column":5}},"24":{"start":{"line":51,"column":8},"end":{"line":51,"column":27}},"25":{"start":{"line":52,"column":8},"end":{"line":52,"column":26}},"26":{"start":{"line":59,"column":4},"end":{"line":66,"column":6}},"27":{"start":{"line":60,"column":8},"end":{"line":60,"column":25}},"28":{"start":{"line":61,"column":8},"end":{"line":61,"column":60}},"29":{"start":{"line":63,"column":8},"end":{"line":65,"column":9}},"30":{"start":{"line":64,"column":12},"end":{"line":64,"column":85}},"31":{"start":{"line":64,"column":53},"end":{"line":64,"column":81}},"32":{"start":{"line":72,"column":4},"end":{"line":74,"column":6}},"33":{"start":{"line":73,"column":8},"end":{"line":73,"column":38}},"34":{"start":{"line":80,"column":4},"end":{"line":85,"column":6}},"35":{"start":{"line":81,"column":8},"end":{"line":83,"column":9}},"36":{"start":{"line":82,"column":12},"end":{"line":82,"column":82}},"37":{"start":{"line":84,"column":8},"end":{"line":84,"column":35}},"38":{"start":{"line":90,"column":4},"end":{"line":102,"column":6}},"39":{"start":{"line":91,"column":8},"end":{"line":91,"column":39}},"40":{"start":{"line":92,"column":8},"end":{"line":92,"column":33}},"41":{"start":{"line":93,"column":8},"end":{"line":100,"column":9}},"42":{"start":{"line":94,"column":12},"end":{"line":94,"column":34}},"43":{"start":{"line":95,"column":12},"end":{"line":95,"column":39}},"44":{"start":{"line":96,"column":12},"end":{"line":99,"column":13}},"45":{"start":{"line":97,"column":16},"end":{"line":97,"column":82}},"46":{"start":{"line":97,"column":48},"end":{"line":97,"column":79}},"47":{"start":{"line":98,"column":16},"end":{"line":98,"column":22}},"48":{"start":{"line":101,"column":8},"end":{"line":101,"column":22}},"49":{"start":{"line":103,"column":4},"end":{"line":103,"column":21}},"50":{"start":{"line":109,"column":0},"end":{"line":142,"column":5}},"51":{"start":{"line":110,"column":4},"end":{"line":113,"column":5}},"52":{"start":{"line":112,"column":8},"end":{"line":112,"column":23}},"53":{"start":{"line":117,"column":4},"end":{"line":119,"column":6}},"54":{"start":{"line":118,"column":8},"end":{"line":118,"column":35}},"55":{"start":{"line":123,"column":4},"end":{"line":127,"column":6}},"56":{"start":{"line":124,"column":8},"end":{"line":126,"column":9}},"57":{"start":{"line":125,"column":12},"end":{"line":125,"column":44}},"58":{"start":{"line":131,"column":4},"end":{"line":134,"column":6}},"59":{"start":{"line":132,"column":8},"end":{"line":132,"column":37}},"60":{"start":{"line":133,"column":8},"end":{"line":133,"column":22}},"61":{"start":{"line":138,"column":4},"end":{"line":140,"column":6}},"62":{"start":{"line":139,"column":8},"end":{"line":139,"column":25}},"63":{"start":{"line":141,"column":4},"end":{"line":141,"column":20}},"64":{"start":{"line":145,"column":0},"end":{"line":145,"column":30}},"65":{"start":{"line":154,"column":0},"end":{"line":169,"column":1}},"66":{"start":{"line":155,"column":4},"end":{"line":168,"column":5}},"67":{"start":{"line":156,"column":8},"end":{"line":156,"column":31}},"68":{"start":{"line":158,"column":9},"end":{"line":168,"column":5}},"69":{"start":{"line":159,"column":8},"end":{"line":164,"column":9}},"70":{"start":{"line":160,"column":12},"end":{"line":160,"column":57}},"71":{"start":{"line":163,"column":12},"end":{"line":163,"column":49}},"72":{"start":{"line":167,"column":8},"end":{"line":167,"column":47}},"73":{"start":{"line":174,"column":0},"end":{"line":191,"column":13}},"74":{"start":{"line":175,"column":4},"end":{"line":175,"column":46}},"75":{"start":{"line":176,"column":4},"end":{"line":189,"column":5}},"76":{"start":{"line":177,"column":8},"end":{"line":177,"column":46}},"77":{"start":{"line":178,"column":8},"end":{"line":178,"column":48}},"78":{"start":{"line":179,"column":8},"end":{"line":179,"column":55}},"79":{"start":{"line":180,"column":8},"end":{"line":180,"column":49}},"80":{"start":{"line":181,"column":8},"end":{"line":181,"column":46}},"81":{"start":{"line":182,"column":8},"end":{"line":182,"column":43}},"82":{"start":{"line":183,"column":8},"end":{"line":183,"column":38}},"83":{"start":{"line":184,"column":8},"end":{"line":184,"column":39}},"84":{"start":{"line":185,"column":8},"end":{"line":185,"column":42}},"85":{"start":{"line":186,"column":8},"end":{"line":186,"column":45}},"86":{"start":{"line":187,"column":8},"end":{"line":187,"column":50}},"87":{"start":{"line":188,"column":8},"end":{"line":188,"column":21}},"88":{"start":{"line":190,"column":4},"end":{"line":190,"column":26}},"89":{"start":{"line":194,"column":0},"end":{"line":194,"column":38}},"90":{"start":{"line":201,"column":0},"end":{"line":208,"column":1}},"91":{"start":{"line":202,"column":4},"end":{"line":207,"column":5}},"92":{"start":{"line":203,"column":8},"end":{"line":203,"column":47}},"93":{"start":{"line":206,"column":8},"end":{"line":206,"column":56}},"94":{"start":{"line":210,"column":0},"end":{"line":210,"column":33}},"95":{"start":{"line":212,"column":0},"end":{"line":212,"column":27}},"96":{"start":{"line":213,"column":0},"end":{"line":218,"column":1}},"97":{"start":{"line":214,"column":4},"end":{"line":214,"column":32}},"98":{"start":{"line":216,"column":4},"end":{"line":216,"column":44}},"99":{"start":{"line":217,"column":4},"end":{"line":217,"column":20}},"100":{"start":{"line":219,"column":0},"end":{"line":229,"column":1}},"101":{"start":{"line":220,"column":4},"end":{"line":220,"column":49}},"102":{"start":{"line":221,"column":4},"end":{"line":227,"column":5}},"103":{"start":{"line":222,"column":8},"end":{"line":222,"column":39}},"104":{"start":{"line":223,"column":8},"end":{"line":225,"column":9}},"105":{"start":{"line":224,"column":12},"end":{"line":224,"column":18}},"106":{"start":{"line":226,"column":8},"end":{"line":226,"column":24}},"107":{"start":{"line":228,"column":4},"end":{"line":228,"column":15}},"108":{"start":{"line":237,"column":0},"end":{"line":245,"column":1}},"109":{"start":{"line":238,"column":4},"end":{"line":238,"column":24}},"110":{"start":{"line":239,"column":4},"end":{"line":241,"column":5}},"111":{"start":{"line":240,"column":8},"end":{"line":240,"column":43}},"112":{"start":{"line":242,"column":4},"end":{"line":244,"column":18}},"113":{"start":{"line":243,"column":8},"end":{"line":243,"column":47}},"114":{"start":{"line":255,"column":0},"end":{"line":278,"column":1}},"115":{"start":{"line":257,"column":4},"end":{"line":277,"column":5}},"116":{"start":{"line":259,"column":12},"end":{"line":259,"column":39}},"117":{"start":{"line":261,"column":12},"end":{"line":261,"column":37}},"118":{"start":{"line":263,"column":12},"end":{"line":263,"column":34}},"119":{"start":{"line":264,"column":12},"end":{"line":264,"column":57}},"120":{"start":{"line":265,"column":12},"end":{"line":265,"column":71}},"121":{"start":{"line":266,"column":12},"end":{"line":268,"column":13}},"122":{"start":{"line":267,"column":16},"end":{"line":267,"column":37}},"123":{"start":{"line":269,"column":12},"end":{"line":271,"column":13}},"124":{"start":{"line":270,"column":16},"end":{"line":270,"column":45}},"125":{"start":{"line":272,"column":12},"end":{"line":272,"column":25}},"126":{"start":{"line":274,"column":12},"end":{"line":274,"column":27}},"127":{"start":{"line":276,"column":12},"end":{"line":276,"column":25}},"128":{"start":{"line":279,"column":0},"end":{"line":290,"column":1}},"129":{"start":{"line":280,"column":4},"end":{"line":280,"column":17}},"130":{"start":{"line":281,"column":4},"end":{"line":288,"column":7}},"131":{"start":{"line":282,"column":8},"end":{"line":287,"column":9}},"132":{"start":{"line":283,"column":12},"end":{"line":283,"column":77}},"133":{"start":{"line":286,"column":12},"end":{"line":286,"column":30}},"134":{"start":{"line":289,"column":4},"end":{"line":289,"column":15}},"135":{"start":{"line":292,"column":0},"end":{"line":308,"column":1}},"136":{"start":{"line":293,"column":4},"end":{"line":306,"column":5}},"137":{"start":{"line":294,"column":8},"end":{"line":305,"column":9}},"138":{"start":{"line":295,"column":12},"end":{"line":295,"column":28}},"139":{"start":{"line":297,"column":13},"end":{"line":305,"column":9}},"140":{"start":{"line":298,"column":12},"end":{"line":298,"column":58}},"141":{"start":{"line":300,"column":13},"end":{"line":305,"column":9}},"142":{"start":{"line":301,"column":12},"end":{"line":301,"column":39}},"143":{"start":{"line":304,"column":12},"end":{"line":304,"column":43}},"144":{"start":{"line":307,"column":4},"end":{"line":307,"column":13}},"145":{"start":{"line":309,"column":0},"end":{"line":325,"column":1}},"146":{"start":{"line":310,"column":4},"end":{"line":312,"column":5}},"147":{"start":{"line":311,"column":8},"end":{"line":311,"column":19}},"148":{"start":{"line":313,"column":4},"end":{"line":317,"column":5}},"149":{"start":{"line":314,"column":8},"end":{"line":316,"column":56}},"150":{"start":{"line":315,"column":36},"end":{"line":315,"column":62}},"151":{"start":{"line":316,"column":39},"end":{"line":316,"column":52}},"152":{"start":{"line":318,"column":4},"end":{"line":320,"column":7}},"153":{"start":{"line":319,"column":8},"end":{"line":319,"column":31}},"154":{"start":{"line":321,"column":4},"end":{"line":323,"column":5}},"155":{"start":{"line":322,"column":8},"end":{"line":322,"column":25}},"156":{"start":{"line":324,"column":4},"end":{"line":324,"column":15}},"157":{"start":{"line":326,"column":0},"end":{"line":334,"column":2}},"158":{"start":{"line":343,"column":0},"end":{"line":345,"column":1}},"159":{"start":{"line":344,"column":4},"end":{"line":344,"column":69}},"160":{"start":{"line":352,"column":0},"end":{"line":362,"column":1}},"161":{"start":{"line":353,"column":4},"end":{"line":353,"column":72}},"162":{"start":{"line":354,"column":4},"end":{"line":360,"column":5}},"163":{"start":{"line":355,"column":8},"end":{"line":355,"column":49}},"164":{"start":{"line":357,"column":8},"end":{"line":357,"column":29}},"165":{"start":{"line":358,"column":8},"end":{"line":358,"column":33}},"166":{"start":{"line":359,"column":8},"end":{"line":359,"column":24}},"167":{"start":{"line":361,"column":4},"end":{"line":361,"column":16}},"168":{"start":{"line":368,"column":0},"end":{"line":368,"column":22}},"169":{"start":{"line":369,"column":0},"end":{"line":369,"column":21}},"170":{"start":{"line":375,"column":0},"end":{"line":377,"column":1}},"171":{"start":{"line":376,"column":4},"end":{"line":376,"column":45}},"172":{"start":{"line":388,"column":0},"end":{"line":402,"column":1}},"173":{"start":{"line":389,"column":4},"end":{"line":389,"column":58}},"174":{"start":{"line":389,"column":35},"end":{"line":389,"column":56}},"175":{"start":{"line":390,"column":4},"end":{"line":390,"column":65}},"176":{"start":{"line":391,"column":4},"end":{"line":391,"column":65}},"177":{"start":{"line":392,"column":4},"end":{"line":392,"column":52}},"178":{"start":{"line":393,"column":4},"end":{"line":393,"column":52}},"179":{"start":{"line":394,"column":4},"end":{"line":396,"column":5}},"180":{"start":{"line":395,"column":8},"end":{"line":395,"column":19}},"181":{"start":{"line":397,"column":4},"end":{"line":397,"column":37}},"182":{"start":{"line":398,"column":4},"end":{"line":400,"column":5}},"183":{"start":{"line":399,"column":8},"end":{"line":399,"column":41}},"184":{"start":{"line":401,"column":4},"end":{"line":401,"column":18}},"185":{"start":{"line":403,"column":0},"end":{"line":407,"column":2}},"186":{"start":{"line":409,"column":0},"end":{"line":423,"column":10}},"187":{"start":{"line":410,"column":4},"end":{"line":410,"column":42}},"188":{"start":{"line":411,"column":4},"end":{"line":421,"column":5}},"189":{"start":{"line":412,"column":8},"end":{"line":412,"column":46}},"190":{"start":{"line":413,"column":8},"end":{"line":413,"column":26}},"191":{"start":{"line":414,"column":8},"end":{"line":416,"column":9}},"192":{"start":{"line":415,"column":12},"end":{"line":415,"column":62}},"193":{"start":{"line":417,"column":8},"end":{"line":417,"column":34}},"194":{"start":{"line":418,"column":8},"end":{"line":418,"column":32}},"195":{"start":{"line":419,"column":8},"end":{"line":419,"column":26}},"196":{"start":{"line":420,"column":8},"end":{"line":420,"column":21}},"197":{"start":{"line":422,"column":4},"end":{"line":422,"column":22}},"198":{"start":{"line":425,"column":0},"end":{"line":454,"column":2}},"199":{"start":{"line":455,"column":0},"end":{"line":455,"column":55}},"200":{"start":{"line":456,"column":0},"end":{"line":463,"column":2}},"201":{"start":{"line":473,"column":0},"end":{"line":480,"column":1}},"202":{"start":{"line":474,"column":4},"end":{"line":479,"column":18}},"203":{"start":{"line":475,"column":8},"end":{"line":475,"column":145}},"204":{"start":{"line":476,"column":8},"end":{"line":478,"column":9}},"205":{"start":{"line":477,"column":12},"end":{"line":477,"column":24}},"206":{"start":{"line":487,"column":0},"end":{"line":494,"column":1}},"207":{"start":{"line":488,"column":4},"end":{"line":493,"column":5}},"208":{"start":{"line":489,"column":8},"end":{"line":489,"column":66}},"209":{"start":{"line":490,"column":8},"end":{"line":492,"column":9}},"210":{"star
[...]
s-is?","    sample = typeof value.additionalItems === 'object' ? value.additionalItems : {};","    for (var current = items.length; current < length; current++) {","        var itemSubpath = path.concat(['items', current + '']);","        var element = traverseCallback(value.items || sample, itemSubpath, resolve);","        items.push(element);","    }","    if (value.uniqueItems) {","        return unique(path.concat(['items']), items, value, sample, resolve, traverseCallback);","    }","    return items;","};","","var MIN_INTEGER = -100000000;","var MAX_INTEGER = 100000000;","var numberType = function numberType(value) {","    var min = typeof value.minimum === 'undefined' ? MIN_INTEGER : value.minimum, max = typeof value.maximum === 'undefined' ? MAX_INTEGER : value.maximum, multipleOf = value.multipleOf;","    if (multipleOf) {","        max = Math.floor(max / multipleOf) * multipleOf;","        min = Math.ceil(min / multipleOf) * multipleOf;","    }","    if (value.exclusiveMinimum && value.minimum && min === value.minimum) {","        min += multipleOf || 1;","    }","    if (value.exclusiveMaximum && value.maximum && max === value.maximum) {","        max -= multipleOf || 1;","    }","    if (min > max) {","        return NaN;","    }","    if (multipleOf) {","        return Math.floor(random.number(min, max) / multipleOf) * multipleOf;","    }","    return random.number(min, max, undefined, undefined, true);","};","","// The `integer` type is just a wrapper for the `number` type. The `number` type","// returns floating point numbers, and `integer` type truncates the fraction","// part, leaving the result as an integer.","var integerType = function integerType(value) {","    var generated = numberType(value);","    // whether the generated number is positive or negative, need to use either","    // floor (positive) or ceil (negative) function to get rid of the fraction","    return generated > 0 ? Math.floor(generated) : Math.ceil(generated);","};","","var LIPSUM_WORDS = ('Lorem ipsum dolor sit amet consectetur adipisicing elit sed do eiusmod tempor incididunt ut labore'","    + ' et dolore magna aliqua Ut enim ad minim veniam quis nostrud exercitation ullamco laboris nisi ut aliquip ex ea'","    + ' commodo consequat Duis aute irure dolor in reprehenderit in voluptate velit esse cillum dolore eu fugiat nulla'","    + ' pariatur Excepteur sint occaecat cupidatat non proident sunt in culpa qui officia deserunt mollit anim id est'","    + ' laborum').split(' ');","/**"," * Generates randomized array of single lorem ipsum words."," *"," * @param length"," * @returns {Array.<string>}"," */","function wordsGenerator(length) {","    var words = random.shuffle(LIPSUM_WORDS);","    return words.slice(0, length);","}","","// fallback generator","var anyType = { type: ['string', 'number', 'integer', 'boolean'] };","// TODO provide types","var objectType = function objectType(value, path, resolve, traverseCallback) {","    var props = {};","    var properties = value.properties || {};","    var patternProperties = value.patternProperties || {};","    var requiredProperties = (value.required || []).slice();","    var allowsAdditional = value.additionalProperties === false ? false : true;","    var propertyKeys = Object.keys(properties);","    var patternPropertyKeys = Object.keys(patternProperties);","    var additionalProperties = allowsAdditional","        ? (value.additionalProperties === true ? {} : value.additionalProperties)","        : null;","    if (!allowsAdditional &&","        propertyKeys.length === 0 &&","        patternPropertyKeys.length === 0 &&","        utils.hasProperties(value, 'minProperties', 'maxProperties', 'dependencies', 'required')) {","        throw new ParseError('missing properties for:\\n' + JSON.stringify(value, null, '  '), path);","    }","    if (optionAPI('requiredOnly') === true) {","        requiredProperties.forEach(function (key) {","            if (properties[key]) {","                props[key] = properties[key];","            }","        });","        return traverseCallback(props, path.concat(['properties']), resolve);","    }","    var min = Math.max(value.minProperties || 0, requiredProperties.length);","    var max = Math.max(value.maxProperties || random.number(min, min + 5));","    random.shuffle(patternPropertyKeys.concat(propertyKeys)).forEach(function (_key) {","        if (requiredProperties.indexOf(_key) === -1) {","            requiredProperties.push(_key);","        }","    });","    // properties are read from right-to-left","    var _props = optionAPI('alwaysFakeOptionals') ? requiredProperties","        : requiredProperties.slice(0, random.number(min, max));","    _props.forEach(function (key) {","        // first ones are the required properies","        if (properties[key]) {","            props[key] = properties[key];","        }","        else {","            var found;","            // then try patternProperties","            patternPropertyKeys.forEach(function (_key) {","                if (key.match(new RegExp(_key))) {","                    found = true;","                    props[utils.randexp(key)] = patternProperties[_key];","                }","            });","            if (!found) {","                // try patternProperties again,","                var subschema = patternProperties[key] || additionalProperties;","                if (subschema) {","                    // otherwise we can use additionalProperties?","                    props[patternProperties[key] ? utils.randexp(key) : key] = subschema;","                }","            }","        }","    });","    var current = Object.keys(props).length;","    while (true) {","        if (!(patternPropertyKeys.length || allowsAdditional)) {","            break;","        }","        if (current >= min) {","            break;","        }","        if (allowsAdditional) {","            var word = wordsGenerator(1) + utils.randexp('[a-f\\\\d]{1,3}');","            if (!props[word]) {","                props[word] = additionalProperties || anyType;","                current += 1;","            }","        }","        patternPropertyKeys.forEach(function (_key) {","            var word = utils.randexp(_key);","            if (!props[word]) {","                props[word] = patternProperties[_key];","                current += 1;","            }","        });","    }","    if (!allowsAdditional && current < min) {","        throw new ParseError('properties constraints were too strong to successfully generate a valid object for:\\n' +","            JSON.stringify(value, null, '  '), path);","    }","    return traverseCallback(props, path.concat(['properties']), resolve);","};","","/**"," * Helper function used by thunkGenerator to produce some words for the final result."," *"," * @returns {string}"," */","function produce() {","    var length = random.number(1, 5);","    return wordsGenerator(length).join(' ');","}","/**"," * Generates randomized concatenated string based on words generator."," *"," * @returns {string}"," */","function thunkGenerator(min, max) {","    if (min === void 0) { min = 0; }","    if (max === void 0) { max = 140; }","    var min = Math.max(0, min), max = random.number(min, max), result = produce();","    // append until length is reached","    while (result.length < min) {","        result += produce();","    }","    // cut if needed","    if (result.length > max) {","        result = result.substr(0, max);","    }","    return result;","}","","/**"," * Generates randomized ipv4 address."," *"," * @returns {string}"," */","function ipv4Generator() {","    return [0, 0, 0, 0].map(function () {","        return random.number(0, 255);","    }).join('.');","}","","var MOST_NEAR_DATETIME = 2524608000000;","/**"," * Generates randomized date time ISO format string."," *"," * @returns {string}"," */","function dateTimeGenerator() {","    var date = new Date();","    var days = random.number(-1000, MOST_NEAR_DATETIME);","    date.setTime(date.getTime() - days);","    return date.toISOString();","}","","/**"," * Predefined core formats"," * @type {[key: string]: string}"," */","var regexps = {","    email: '[a-zA-Z\\\\d][a-zA-Z\\\\d-]{1,13}[a-zA-Z\\\\d]@{hostname}',","    hostname: '[a-zA-Z]{1,33}\\\\.[a-z]{2,4}',","    ipv6: '[a-f\\\\d]{4}(:[a-f\\\\d]{4}){7}',","    uri: '[a-zA-Z][a-zA-Z0-9+-.]*'","};","/**"," * Generates randomized string basing on a built-in regex format"," *"," * @param coreFormat"," * @returns {string}"," */","function coreFormatGenerator(coreFormat) {","    return utils.randexp(regexps[coreFormat]).replace(/\\{(\\w+)\\}/, function (match, key) {","        return utils.randexp(regexps[key]);","    });","}","","function generateFormat(value, invalid) {","    var callback = formatAPI(value.format);","    if (typeof callback === 'function') {","        return callback(value);","    }","    switch (value.format) {","        case 'date-time':","            return dateTimeGenerator();","        case 'ipv4':","            return ipv4Generator();","        case 'regex':","            // TODO: discuss","            return '.+?';","        case 'email':","        case 'hostname':","        case 'ipv6':","        case 'uri':","            return coreFormatGenerator(value.format);","        default:","            if (typeof callback === 'undefined') {","                if (optionAPI('failOnInvalidFormat')) {","                    throw new Error('unknown registry key ' + JSON.stringify(value.format));","                }","                else {","                    return invalid();","                }","            }","            throw new Error('unsupported format \"' + value.format + '\"');","    }","}","var stringType = function stringType(value) {","    var output;","    var minLength = value.minLength;","    var maxLength = value.maxLength;","    if (optionAPI('maxLength')) {","        // Don't allow user to set max length above our maximum","        if (maxLength && maxLength > optionAPI('maxLength')) {","            maxLength = optionAPI('maxLength');","        }","        // Don't allow user to set min length above our maximum","        if (minLength && minLength > optionAPI('maxLength')) {","            minLength = optionAPI('maxLength');","        }","    }","    if (value.format) {","        output = generateFormat(value, function () { return thunkGenerator(minLength, maxLength); });","    }","    else if (value.pattern) {","        output = utils.randexp(value.pattern);","    }","    else {","        output = thunkGenerator(minLength, maxLength);","    }","    while (output.length < minLength) {","        output += Math.random() > 0.7 ? thunkGenerator() : utils.randexp('.+');","    }","    if (output.length > maxLength) {","        output = output.substr(0, maxLength);","    }","    return output;","};","","var typeMap = {","    boolean: booleanType,","    null: nullType,","    array: arrayType,","    integer: integerType,","    number: numberType,","    object: objectType,","    string: stringType","};","","// TODO provide types","function traverse(schema, path, resolve) {","    schema = resolve(schema);","    if (Array.isArray(schema.enum)) {","        return random.pick(schema.enum);","    }","    // thunks can return sub-schemas","    if (typeof schema.thunk === 'function') {","        return traverse(schema.thunk(), path, resolve);","    }","    if (typeof schema.generate === 'function') {","        return utils.typecast(schema.generate(), schema);","    }","    if (optionAPI('useDefaultValue') && 'default' in schema) {","        return schema.default;","    }","    // TODO remove the ugly overcome","    var type = schema.type;","    if (Array.isArray(type)) {","        type = random.pick(type);","    }","    else if (typeof type === 'undefined') {","        // Attempt to infer the type","        type = inferType(schema, path) || type;","    }","    if (typeof type === 'string') {","        if (!typeMap[type]) {","            if (optionAPI('failOnInvalidTypes')) {","                throw new ParseError('unknown primitive ' + JSON.stringify(type), path.concat(['type']));","            }","            else {","                return optionAPI('defaultInvalidTypeProduct');","            }","        }","        else {","            try {","                return typeMap[type](schema, path, resolve, traverse);","            }","            catch (e) {","                if (typeof e.path === 'undefined') {","                    throw new ParseError(e.message, path);","                }","                throw e;","            }","        }","    }","    var copy = {};","    if (Array.isArray(schema)) {","        copy = [];","    }","    for (var prop in schema) {","        if (typeof schema[prop] === 'object' && prop !== 'definitions') {","            copy[prop] = traverse(schema[prop], path.concat([prop]), resolve);","        }","        else {","            copy[prop] = schema[prop];","        }","    }","    return utils.clean(copy);","}","","function isKey(prop) {","    return prop === 'enum' || prop === 'default' || prop === 'required' || prop === 'definitions';","}","// TODO provide types","function run(schema, container) {","    try {","        return traverse(schema, [], function reduce(sub, maxReduceDepth) {","            if (typeof maxReduceDepth === 'undefined') {","                maxReduceDepth = random.number(1, 3);","            }","            if (!sub) {","                return null;","            }","            if (Array.isArray(sub.allOf)) {","                var schemas = sub.allOf;","                delete sub.allOf;","                // this is the only case where all sub-schemas","                // must be resolved before any merge","                schemas.forEach(function (subSchema) {","                    utils.merge(sub, reduce(subSchema, maxReduceDepth + 1));","                });","            }","            if (Array.isArray(sub.oneOf || sub.anyOf)) {","                var key = sub.oneOf ? 'oneOf' : 'anyOf';","                var mix = sub.oneOf || sub.anyOf;","                delete sub.anyOf;","                delete sub.oneOf;","                return {","                    thunk: function () { return random.pick(mix); }","                };","            }","            for (var prop in sub) {","                if ((Array.isArray(sub[prop]) || typeof sub[prop] === 'object') && !isKey(prop)) {","                    sub[prop] = reduce(sub[prop], maxReduceDepth);","                }","            }","            return container.wrap(sub);","        });","    }","    catch (e) {","        if (e.path) {","            throw new Error(e.message + ' in ' + '/' + e.path.join('/'));","        }","        else {","            throw e;","        }","    }","}","","var container = new Container();","var jsf = function (schema, refs, cwd) {","    var $refs = {};","    if (Array.isArray(refs)) {","        refs.forEach(function (schema) {","            $refs[schema.id] = schema;","        });","    }","    else {","        $refs = refs || {};","    }","    var fixedRefs = {","        order: 300,","        canRead: true,","        read: function (file, callback) {","            callback(null, $refs[file.url] || $refs[file.url.split('/').pop()]);","        },","    };","    // normalize basedir (browser aware)","    cwd = cwd || (typeof process !== 'undefined' ? process.cwd() : '');","    cwd = cwd.replace(/\\/+$/, '') + '/';","    return $RefParser.dereference(cwd, schema, {","        resolve: {","            fixedRefs: fixedRefs,","        },","    }).then(function (schema) { return run(schema, container); });","};","jsf.utils = utils;","jsf.format = formatAPI;","jsf.option = optionAPI;","// built-in support","container.define('pattern', utils.randexp);","// returns itself for chaining","jsf.extend = function (name, cb) {","    container.extend(name, cb);","    return jsf;","};","jsf.define = function (name, cb) {","    container.define(name, cb);","    return jsf;","};","jsf.locate = function (name) {","    return container.get(name);","};","jsf.version = '0.5.0-rc1';","","module.exports = jsf;",""],"l":{"1":1,"3":1,"4":1,"7":1,"8":0,"9":0,"10":0,"12":0,"13":0,"15":0,"17":0,"20":0,"24":0,"26":0,"27":0,"28":0,"31":0,"33":0,"34":0,"36":0,"47":1,"48":1,"51":1,"52":1,"59":1,"60":0,"61":0,"63":0,"64":0,"72":1,"73":1,"80":1,"81":0,"82":0,"84":0,"90":1,"91":0,"92":0,"93":0,"94":0,"95":0,"96":0,"97":0,"98":0,"101":0,"103":1,"109":1,"110":1,"112":2,"117":1,"118":0,"123":1,"124":0,"125":0,"131":1,"132":0,"133":0,"138":1,"139":0,"141":1,"145":1,"154":1,"155":0,"156":0,"158":0,"159":0,"160":0,"163":0,"167":0,"174":1,"175":1,"176":1,"177":1,"178":1,"179":1,"180":1,"181":1,"182":1,"183":1,"184":1,"185":1,"186":1,"187":1,"188":1,"190":1,"194":1,"201":1,"202":0,"203":0,"206":0,"210":1,"212":1,"213":1,"214":0,"216":0,"217":0,"219":1,"220":0,"221":0,"222":0,"223":0,"224":0,"226":0,"228":0,"237":1,"238":0,"239":0,"240":0,"242":0,"243":0,"255":1,"257":0,"259":0,"261":0,"263":0,"264":0,"265":0,"266":0,"267":0,"269":0,"270":0,"272":0,"274":0,"276":0,"279":1,"280":0,"281":0,"282":0,"283":0,"286":0,"289":0,"292":1,"293":0,"294":0,"295":0,"297":0,"298":0,"300":0,"301":0,"304":0,"307":0,"309":1,"310":0,"311":0,"313":0,"314":0,"315":0,"316":0,"318":0,"319":0,"321":0,"322":0,"324":0,"326":1,"343":1,"344":0,"352":1,"353":0,"354":0,"355":0,"357":0,"358":0,"359":0,"361":0,"368":1,"369":1,"375":1,"376":0,"388":1,"389":0,"390":0,"391":0,"392":0,"393":0,"394":0,"395":0,"397":0,"398":0,"399":0,"401":0,"403":1,"409":1,"410":1,"411":1,"412":0,"413":0,"414":0,"415":0,"417":0,"418":0,"419":0,"420":0,"422":1,"425":1,"455":1,"456":1,"473":1,"474":0,"475":0,"476":0,"477":0,"487":1,"488":0,"489":0,"490":0,"491":0,"501":1,"502":0,"505":1,"512":1,"513":0,"516":1,"519":1,"520":0,"521":1,"522":0,"523":0,"524":0,"525":0,"528":0,"530":0,"531":0,"532":0,"533":0,"534":0,"537":0,"540":1,"541":0,"542":0,"543":0,"544":0,"546":0,"551":0,"552":0,"553":0,"554":0,"555":0,"558":0,"559":0,"560":0,"562":0,"566":0,"568":0,"569":0,"572":0,"573":0,"576":0,"579":0,"580":0,"581":0,"582":0,"584":0,"585":0,"587":0,"590":1,"591":1,"592":1,"593":0,"594":0,"595":0,"596":0,"598":0,"599":0,"601":0,"602":0,"604":0,"605":0,"607":0,"608":0,"610":0,"616":1,"617":0,"620":0,"623":1,"634":1,"635":0,"636":0,"640":1,"642":1,"643":0,"644":0,"645":0,"646":0,"647":0,"648":0,"649":0,"650":0,"653":0,"657":0,"659":0,"660":0,"661":0,"662":0,"665":0,"667":0,"668":0,"669":0,"670":0,"671":0,"675":0,"677":0,"679":0,"680":0,"683":0,"685":0,"686":0,"687":0,"688":0,"691":0,"693":0,"694":0,"696":0,"701":0,"702":0,"703":0,"704":0,"706":0,"707":0,"709":0,"710":0,"711":0,"712":0,"713":0,"716":0,"717":0,"718":0,"719":0,"720":0,"724":0,"725":0,"728":0,"736":1,"737":0,"738":0,"745":1,"746":0,"747":0,"748":0,"750":0,"751":0,"754":0,"755":0,"757":0,"765":1,"766":0,"767":0,"771":1,"777":1,"778":0,"779":0,"780":0,"781":0,"788":1,"800":1,"801":0,"802":0,"806":1,"807":0,"808":0,"809":0,"811":0,"813":0,"815":0,"818":0,"823":0,"825":0,"826":0,"827":0,"830":0,"833":0,"836":1,"837":0,"838":0,"839":0,"840":0,"842":0,"843":0,"846":0,"847":0,"850":0,"851":0,"853":0,"854":0,"857":0,"859":0,"860":0,"862":0,"863":0,"865":0,"868":1,"879":1,"880":0,"881":0,"882":0,"885":0,"886":0,"888":0,"889":0,"891":0,"892":0,"895":0,"896":0,"897":0,"899":0,"901":0,"903":0,"904":0,"905":0,"906":0,"909":0,"913":0,"914":0,"917":0,"918":0,"920":0,"924":0,"925":0,"926":0,"928":0,"929":0,"930":0,"933":0,"936":0,"939":1,"940":0,"943":1,"944":0,"945":0,"946":0,"947":0,"949":0,"950":0,"952":0,"953":0,"954":0,"957":0,"958":0,"961":0,"962":0,"963":0,"964":0,"965":0,"966":0,"967":0,"970":0,"971":0,"972":0,"975":0,"979":0,"980":0,"983":0,"988":1,"989":1,"990":0,"991":0,"992":0,"993":0,"997":0,"999":0,"1003":0,"1007":0,"1008":0,"1009":0,"1013":0,"1015":1,"1016":1,"1017":1,"1019":1,"1021":1,"1022":0,"1023":0,"1025":1,"1026":0,"1027":0,"1029":1,"1030":0,"1032":1,"1034":1}}}